1604586705.542248 [17]    ddsperf: config: Domain/General/NetworkInterfaceAddress/#text: ens3 {0}
1604586705.542311 [17]    ddsperf: config: Domain/General/MulticastRecvNetworkInterfaceAddresses/#text: preferred {}
1604586705.542335 [17]    ddsperf: config: Domain/General/ExternalNetworkAddress/#text: auto {}
1604586705.542357 [17]    ddsperf: config: Domain/General/ExternalNetworkMask/#text: 0.0.0.0 {}
1604586705.542378 [17]    ddsperf: config: Domain/General/AllowMulticast/#text: default {}
1604586705.542400 [17]    ddsperf: config: Domain/General/PreferMulticast/#text: false {}
1604586705.542421 [17]    ddsperf: config: Domain/General/MulticastTimeToLive/#text: 32 {}
1604586705.542442 [17]    ddsperf: config: Domain/General/DontRoute/#text: false {}
1604586705.542464 [17]    ddsperf: config: Domain/General/Transport/#text: udp {}
1604586705.542486 [17]    ddsperf: config: Domain/General/EnableMulticastLoopback/#text: true {0}
1604586705.542508 [17]    ddsperf: config: Domain/General/MaxMessageSize/#text: 14720 B {}
1604586705.542530 [17]    ddsperf: config: Domain/General/MaxRexmitMessageSize/#text: 1456 B {}
1604586705.542552 [17]    ddsperf: config: Domain/General/FragmentSize/#text: 1344 B {}
1604586705.542577 [17]    ddsperf: config: Domain/Sizing/ReceiveBufferSize/#text: 1 MiB {}
1604586705.542599 [17]    ddsperf: config: Domain/Sizing/ReceiveBufferChunkSize/#text: 128 KiB {}
1604586705.542621 [17]    ddsperf: config: Domain/Compatibility/StandardsConformance/#text: lax {}
1604586705.542643 [17]    ddsperf: config: Domain/Compatibility/ExplicitlyPublishQosSetToDefault/#text: false {}
1604586705.542664 [17]    ddsperf: config: Domain/Compatibility/ManySocketsMode/#text: single {}
1604586705.542686 [17]    ddsperf: config: Domain/Compatibility/AssumeRtiHasPmdEndpoints/#text: false {}
1604586705.542707 [17]    ddsperf: config: Domain/Discovery/Tag/#text:  {}
1604586705.542729 [17]    ddsperf: config: Domain/Discovery/ExternalDomainId/#text: 17 {}
1604586705.542751 [17]    ddsperf: config: Domain/Discovery/DSGracePeriod/#text: 30 s {}
1604586705.542773 [17]    ddsperf: config: Domain/Discovery/ParticipantIndex/#text: none {}
1604586705.542795 [17]    ddsperf: config: Domain/Discovery/MaxAutoParticipantIndex/#text: 9 {}
1604586705.542817 [17]    ddsperf: config: Domain/Discovery/SPDPMulticastAddress/#text: 239.255.0.1 {}
1604586705.542838 [17]    ddsperf: config: Domain/Discovery/SPDPInterval/#text: 30 s {}
1604586705.542860 [17]    ddsperf: config: Domain/Discovery/DefaultMulticastAddress/#text: auto {}
1604586705.542882 [17]    ddsperf: config: Domain/Discovery/Ports/Base/#text: 7400 {}
1604586705.542904 [17]    ddsperf: config: Domain/Discovery/Ports/DomainGain/#text: 250 {}
1604586705.542926 [17]    ddsperf: config: Domain/Discovery/Ports/ParticipantGain/#text: 2 {}
1604586705.542982 [17]    ddsperf: config: Domain/Discovery/Ports/MulticastMetaOffset/#text: 0 {}
1604586705.543012 [17]    ddsperf: config: Domain/Discovery/Ports/UnicastMetaOffset/#text: 10 {}
1604586705.543035 [17]    ddsperf: config: Domain/Discovery/Ports/MulticastDataOffset/#text: 1 {}
1604586705.543057 [17]    ddsperf: config: Domain/Discovery/Ports/UnicastDataOffset/#text: 11 {}
1604586705.543092 [17]    ddsperf: config: Domain/Tracing/Category/#text: fatal,error,warning,info,config,discovery,throttle {0}
1604586705.543116 [17]    ddsperf: config: Domain/Tracing/OutputFile/#text: latency-result/sync-listener/cdds.log {0}
1604586705.543137 [17]    ddsperf: config: Domain/Tracing/AppendToFile/#text: false {}
1604586705.543158 [17]    ddsperf: config: Domain/Tracing/PacketCaptureFile/#text:  {}
1604586705.543180 [17]    ddsperf: config: Domain/Internal/DeliveryQueueMaxSamples/#text: 256 {}
1604586705.543202 [17]    ddsperf: config: Domain/Internal/PrimaryReorderMaxSamples/#text: 128 {}
1604586705.543224 [17]    ddsperf: config: Domain/Internal/SecondaryReorderMaxSamples/#text: 128 {}
1604586705.543246 [17]    ddsperf: config: Domain/Internal/DefragUnreliableMaxSamples/#text: 4 {}
1604586705.543267 [17]    ddsperf: config: Domain/Internal/DefragReliableMaxSamples/#text: 16 {}
1604586705.543301 [17]    ddsperf: config: Domain/Internal/BuiltinEndpointSet/#text: writers {}
1604586705.543324 [17]    ddsperf: config: Domain/Internal/MeasureHbToAckLatency/#text: false {}
1604586705.543346 [17]    ddsperf: config: Domain/Internal/UnicastResponseToSPDPMessages/#text: true {}
1604586705.543368 [17]    ddsperf: config: Domain/Internal/SynchronousDeliveryPriorityThreshold/#text: 0 {0}
1604586705.543390 [17]    ddsperf: config: Domain/Internal/SynchronousDeliveryLatencyBound/#text: inf {}
1604586705.543411 [17]    ddsperf: config: Domain/Internal/MaxParticipants/#text: 0 {}
1604586705.543433 [17]    ddsperf: config: Domain/Internal/AccelerateRexmitBlockSize/#text: 0 {}
1604586705.543455 [17]    ddsperf: config: Domain/Internal/RetransmitMerging/#text: never {}
1604586705.543477 [17]    ddsperf: config: Domain/Internal/RetransmitMergingPeriod/#text: 5 ms {}
1604586705.543499 [17]    ddsperf: config: Domain/Internal/HeartbeatInterval/#text: 100 ms {}
1604586705.543521 [17]    ddsperf: config: Domain/Internal/HeartbeatInterval[@min]: 5 ms {}
1604586705.543543 [17]    ddsperf: config: Domain/Internal/HeartbeatInterval[@minsched]: 20 ms {}
1604586705.543566 [17]    ddsperf: config: Domain/Internal/HeartbeatInterval[@max]: 8 s {}
1604586705.543588 [17]    ddsperf: config: Domain/Internal/MaxQueuedRexmitBytes/#text: 512 KiB {}
1604586705.543610 [17]    ddsperf: config: Domain/Internal/MaxQueuedRexmitMessages/#text: 200 {}
1604586705.543632 [17]    ddsperf: config: Domain/Internal/LeaseDuration/#text: 2 s {0}
1604586705.543654 [17]    ddsperf: config: Domain/Internal/WriterLingerDuration/#text: 1 s {}
1604586705.543675 [17]    ddsperf: config: Domain/Internal/MinimumSocketReceiveBufferSize/#text: default {}
1604586705.543698 [17]    ddsperf: config: Domain/Internal/MinimumSocketSendBufferSize/#text: 64 KiB {}
1604586705.543720 [17]    ddsperf: config: Domain/Internal/NackDelay/#text: 100 ms {}
1604586705.543742 [17]    ddsperf: config: Domain/Internal/AckDelay/#text: 10 ms {}
1604586705.543764 [17]    ddsperf: config: Domain/Internal/AutoReschedNackDelay/#text: 1 s {}
1604586705.543786 [17]    ddsperf: config: Domain/Internal/PreEmptiveAckDelay/#text: 10 ms {}
1604586705.543807 [17]    ddsperf: config: Domain/Internal/ScheduleTimeRounding/#text: 0 s {}
1604586705.543829 [17]    ddsperf: config: Domain/Internal/DDSI2DirectMaxThreads/#text: 1 {}
1604586705.543851 [17]    ddsperf: config: Domain/Internal/SquashParticipants/#text: false {}
1604586705.543872 [17]    ddsperf: config: Domain/Internal/SPDPResponseMaxDelay/#text: 0 s {}
1604586705.543894 [17]    ddsperf: config: Domain/Internal/LateAckMode/#text: false {}
1604586705.543915 [17]    ddsperf: config: Domain/Internal/RetryOnRejectBestEffort/#text: false {}
1604586705.543937 [17]    ddsperf: config: Domain/Internal/GenerateKeyhash/#text: false {}
1604586705.543995 [17]    ddsperf: config: Domain/Internal/MaxSampleSize/#text: 2147483647 B {}
1604586705.544017 [17]    ddsperf: config: Domain/Internal/WriteBatch/#text: false {}
1604586705.544039 [17]    ddsperf: config: Domain/Internal/LivelinessMonitoring/#text: false {}
1604586705.544061 [17]    ddsperf: config: Domain/Internal/LivelinessMonitoring[@StackTraces]: true {}
1604586705.544083 [17]    ddsperf: config: Domain/Internal/LivelinessMonitoring[@Interval]: 1 s {}
1604586705.544105 [17]    ddsperf: config: Domain/Internal/MonitorPort/#text: -1 {}
1604586705.544127 [17]    ddsperf: config: Domain/Internal/AssumeMulticastCapable/#text:  {}
1604586705.544149 [17]    ddsperf: config: Domain/Internal/PrioritizeRetransmit/#text: true {}
1604586705.544170 [17]    ddsperf: config: Domain/Internal/UseMulticastIfMreqn/#text: 0 {}
1604586705.544192 [17]    ddsperf: config: Domain/Internal/SendAsync/#text: false {}
1604586705.544213 [17]    ddsperf: config: Domain/Internal/RediscoveryBlacklistDuration/#text: 0 s {}
1604586705.544235 [17]    ddsperf: config: Domain/Internal/RediscoveryBlacklistDuration[@enforce]: false {}
1604586705.544257 [17]    ddsperf: config: Domain/Internal/MultipleReceiveThreads/#text: default {}
1604586705.544289 [17]    ddsperf: config: Domain/Internal/MultipleReceiveThreads[@maxretries]: 4294967295 {}
1604586705.544312 [17]    ddsperf: config: Domain/Internal/Test/XmitLossiness/#text: 0 {}
1604586705.544335 [17]    ddsperf: config: Domain/Internal/Watermarks/WhcLow/#text: 1 KiB {}
1604586705.544358 [17]    ddsperf: config: Domain/Internal/Watermarks/WhcHigh/#text: 500 KiB {}
1604586705.544381 [17]    ddsperf: config: Domain/Internal/Watermarks/WhcHighInit/#text: 30 KiB {}
1604586705.544403 [17]    ddsperf: config: Domain/Internal/Watermarks/WhcAdaptive/#text: true {}
1604586705.544425 [17]    ddsperf: config: Domain/Internal/BurstSize/MaxRexmit/#text: 1 MiB {}
1604586705.544448 [17]    ddsperf: config: Domain/Internal/BurstSize/MaxInitTransmit/#text: 4294967295 {}
1604586705.544469 [17]    ddsperf: config: Domain/Internal/EnableExpensiveChecks/#text:  [ignored] {}
1604586705.544492 [17]    ddsperf: config: Domain/TCP/NoDelay/#text: true {}
1604586705.544513 [17]    ddsperf: config: Domain/TCP/Port/#text: -1 {}
1604586705.544535 [17]    ddsperf: config: Domain/TCP/ReadTimeout/#text: 2 s {}
1604586705.544557 [17]    ddsperf: config: Domain/TCP/WriteTimeout/#text: 2 s {}
1604586705.544579 [17]    ddsperf: config: Domain/TCP/AlwaysUsePeeraddrForUnicast/#text: false {}
1604586705.544601 [17]    ddsperf: config: Domain/SSL/Enable/#text: false {}
1604586705.544622 [17]    ddsperf: config: Domain/SSL/CertificateVerification/#text: true {}
1604586705.544644 [17]    ddsperf: config: Domain/SSL/VerifyClient/#text: true {}
1604586705.544665 [17]    ddsperf: config: Domain/SSL/SelfSignedCertificates/#text: false {}
1604586705.544686 [17]    ddsperf: config: Domain/SSL/KeystoreFile/#text: keystore {}
1604586705.544707 [17]    ddsperf: config: Domain/SSL/KeyPassphrase/#text: secret {}
1604586705.544728 [17]    ddsperf: config: Domain/SSL/Ciphers/#text: ALL:!ADH:!LOW:!EXP:!MD5:@STRENGTH {}
1604586705.544750 [17]    ddsperf: config: Domain/SSL/EntropyFile/#text:  {}
1604586705.544771 [17]    ddsperf: config: Domain/SSL/MinimumTLSVersion/#text: 1.3 {}
1604586705.544793 [17]    ddsperf: config: Domain[@Id]: 17 {0}
1604586705.545038 [17]    ddsperf: started at 1604586705.06544816 -- 2020-11-05 09:31:45-05:00
1604586705.545079 [17]    ddsperf: udp initialized
1604586705.546217 [17]    ddsperf: interfaces: lo udp/127.0.0.1(q1) ens3 udp/192.168.122.180(q9)
1604586705.546277 [17]    ddsperf: selected interface: ens3 (index 2)
1604586705.546298 [17]    ddsperf: presumed robust multicast support, use for everything
1604586705.546351 [17]    ddsperf: ownip: udp/192.168.122.180
1604586705.546372 [17]    ddsperf: extip: udp/192.168.122.180
1604586705.546389 [17]    ddsperf: extmask: invalid/0
1604586705.546408 [17]    ddsperf: SPDP MC: udp/239.255.0.1
1604586705.546427 [17]    ddsperf: default MC: udp/239.255.0.1
1604586705.546444 [17]    ddsperf: SSM support included
1604586705.546762 [17]    ddsperf: failed to increase socket receive buffer size to 1048576 bytes, continuing with 425984 bytes
1604586705.546831 [17]    ddsperf: rtps_init: uc ports: disc 0 data 0
1604586705.546850 [17]    ddsperf: rtps_init: domainid 17 participantid -2
1604586705.546872 [17]    ddsperf: Unicast Ports: discovery 57005 data 57005
1604586705.547051 [17]    ddsperf: failed to increase socket receive buffer size to 1048576 bytes, continuing with 425984 bytes
1604586705.547220 [17]    ddsperf: failed to increase socket receive buffer size to 1048576 bytes, continuing with 425984 bytes
1604586705.547268 [17]    ddsperf: Multicast Ports: discovery 11650 data 11651 
1604586705.547587 [17]    ddsperf: failed to increase socket receive buffer size to 1048576 bytes, continuing with 425984 bytes
1604586705.548134 [17]    ddsperf: new_local_orphan_writer(DCPSParticipant/org::eclipse::cyclonedds::builtin::DCPSParticipant)
1604586705.548219 [17]    ddsperf: WRITER 0:0:0:100c2 QOS={user_data=0<>,topic_name="DCPSParticipant",type_name="org::eclipse::cyclonedds::builtin::DCPSParticipant",topic_data=0<>,group_data=0<>,durability=1,durability_service=0:0:1:-1:-1:-1,deadline=9223372036854775807,latency_budget=0,liveliness=0:9223372036854775807,reliability=1:100000000,lifespan=9223372036854775807,destination_order=0,history=0:1,resource_limits=-1:-1:-1,ownership=0,ownership_strength=0,presentation=1:0:0,partition={"__BUILT-IN PARTITION__"},transport_priority=0,adlink_writer_data_lifecycle=1}
1604586705.548274 [17]    ddsperf: match_writer_with_readers(wr 0:0:0:100c2) scanning all rds of topic DCPSParticipant
1604586705.548301 [17]    ddsperf: new_local_orphan_writer(DCPSPublication/org::eclipse::cyclonedds::builtin::DCPSPublication)
1604586705.548351 [17]    ddsperf: WRITER 0:0:0:3c2 QOS={user_data=0<>,topic_name="DCPSPublication",type_name="org::eclipse::cyclonedds::builtin::DCPSPublication",topic_data=0<>,group_data=0<>,durability=1,durability_service=0:0:1:-1:-1:-1,deadline=9223372036854775807,latency_budget=0,liveliness=0:9223372036854775807,reliability=1:100000000,lifespan=9223372036854775807,destination_order=0,history=0:1,resource_limits=-1:-1:-1,ownership=0,ownership_strength=0,presentation=1:0:0,partition={"__BUILT-IN PARTITION__"},transport_priority=0,adlink_writer_data_lifecycle=1}
1604586705.548379 [17]    ddsperf: match_writer_with_readers(wr 0:0:0:3c2) scanning all rds of topic DCPSPublication
1604586705.548400 [17]    ddsperf: new_local_orphan_writer(DCPSSubscription/org::eclipse::cyclonedds::builtin::DCPSSubscription)
1604586705.548459 [17]    ddsperf: WRITER 0:0:0:4c2 QOS={user_data=0<>,topic_name="DCPSSubscription",type_name="org::eclipse::cyclonedds::builtin::DCPSSubscription",topic_data=0<>,group_data=0<>,durability=1,durability_service=0:0:1:-1:-1:-1,deadline=9223372036854775807,latency_budget=0,liveliness=0:9223372036854775807,reliability=1:100000000,lifespan=9223372036854775807,destination_order=0,history=0:1,resource_limits=-1:-1:-1,ownership=0,ownership_strength=0,presentation=1:0:0,partition={"__BUILT-IN PARTITION__"},transport_priority=0,adlink_writer_data_lifecycle=1}
1604586705.548487 [17]    ddsperf: match_writer_with_readers(wr 0:0:0:4c2) scanning all rds of topic DCPSSubscription
1604586705.549227 [17]    ddsperf: new_participant(4c51001:1f4636bf:4950859c:1c1, 0)
1604586705.549322 [17]    ddsperf: PARTICIPANT 4c51001:1f4636bf:4950859c:1c1 QOS={user_data=30<"DDSPerf:0:12843:fedora30-guest">,adlink_entity_factory=0}
1604586705.549376 [17]    ddsperf: new_writer(guid 4c51001:1f4636bf:4950859c:100c2, (null).DCPSParticipant/ParticipantBuiltinTopicData)
1604586705.549401 [17]    ddsperf: ref_participant(4c51001:1f4636bf:4950859c:1c1 @ 0xed8bb0 <- 4c51001:1f4636bf:4950859c:100c2 @ 0xedb684) user 1 builtin 1
1604586705.549454 [17]    ddsperf: WRITER 4c51001:1f4636bf:4950859c:100c2 QOS={user_data=0<>,topic_name="DCPSParticipant",type_name="ParticipantBuiltinTopicData",topic_data=0<>,group_data=0<>,durability=1,durability_service=0:0:1:-1:-1:-1,deadline=9223372036854775807,latency_budget=0,liveliness=0:9223372036854775807,reliability=0:0,lifespan=9223372036854775807,destination_order=0,history=0:1,resource_limits=-1:-1:-1,ownership=0,ownership_strength=0,presentation=0:0:0,partition={},time_based_filter=0,transport_priority=0,adlink_reader_lifespan=0:9223372036854775807,adlink_writer_data_lifecycle=1,adlink_reader_data_lifecycle=9223372036854775807:9223372036854775807,adlink_subscription_keys=0:{}}
1604586705.549486 [17]    ddsperf: match_writer_with_proxy_readers(wr 4c51001:1f4636bf:4950859c:100c2) scanning proxy participants tgt=0
1604586705.549520 [17]    ddsperf: new_writer(guid 4c51001:1f4636bf:4950859c:4c2, (null).DCPSSubscription/SubscriptionBuiltinTopicData)
1604586705.549553 [17]    ddsperf: ref_participant(4c51001:1f4636bf:4950859c:1c1 @ 0xed8bb0 <- 4c51001:1f4636bf:4950859c:4c2 @ 0xedbe64) user 1 builtin 2
1604586705.549600 [17]    ddsperf: WRITER 4c51001:1f4636bf:4950859c:4c2 QOS={user_data=0<>,topic_name="DCPSSubscription",type_name="SubscriptionBuiltinTopicData",topic_data=0<>,group_data=0<>,durability=1,durability_service=0:0:1:-1:-1:-1,deadline=9223372036854775807,latency_budget=0,liveliness=0:9223372036854775807,reliability=1:100000000,lifespan=9223372036854775807,destination_order=0,history=0:1,resource_limits=-1:-1:-1,ownership=0,ownership_strength=0,presentation=0:0:0,partition={},transport_priority=0,adlink_writer_data_lifecycle=1}
1604586705.549641 [17]    ddsperf: match_writer_with_proxy_readers(wr 4c51001:1f4636bf:4950859c:4c2) scanning proxy participants tgt=4c7
1604586705.549669 [17]    ddsperf: new_writer(guid 4c51001:1f4636bf:4950859c:3c2, (null).DCPSPublication/PublicationBuiltinTopicData)
1604586705.549693 [17]    ddsperf: ref_participant(4c51001:1f4636bf:4950859c:1c1 @ 0xed8bb0 <- 4c51001:1f4636bf:4950859c:3c2 @ 0xedc654) user 1 builtin 3
1604586705.549739 [17]    ddsperf: WRITER 4c51001:1f4636bf:4950859c:3c2 QOS={user_data=0<>,topic_name="DCPSPublication",type_name="PublicationBuiltinTopicData",topic_data=0<>,group_data=0<>,durability=1,durability_service=0:0:1:-1:-1:-1,deadline=9223372036854775807,latency_budget=0,liveliness=0:9223372036854775807,reliability=1:100000000,lifespan=9223372036854775807,destination_order=0,history=0:1,resource_limits=-1:-1:-1,ownership=0,ownership_strength=0,presentation=0:0:0,partition={},transport_priority=0,adlink_writer_data_lifecycle=1}
1604586705.549765 [17]    ddsperf: match_writer_with_proxy_readers(wr 4c51001:1f4636bf:4950859c:3c2) scanning proxy participants tgt=3c7
1604586705.549790 [17]    ddsperf: new_writer(guid 4c51001:1f4636bf:4950859c:200c2, (null).DCPSParticipantMessage/ParticipantMessageData)
1604586705.549823 [17]    ddsperf: ref_participant(4c51001:1f4636bf:4950859c:1c1 @ 0xed8bb0 <- 4c51001:1f4636bf:4950859c:200c2 @ 0xedcea4) user 1 builtin 4
1604586705.549869 [17]    ddsperf: WRITER 4c51001:1f4636bf:4950859c:200c2 QOS={user_data=0<>,topic_name="DCPSParticipantMessage",type_name="ParticipantMessageData",topic_data=0<>,group_data=0<>,durability=1,durability_service=0:0:1:-1:-1:-1,deadline=9223372036854775807,latency_budget=0,liveliness=0:9223372036854775807,reliability=1:100000000,lifespan=9223372036854775807,destination_order=0,history=0:1,resource_limits=-1:-1:-1,ownership=0,ownership_strength=0,presentation=0:0:0,partition={},transport_priority=0,adlink_writer_data_lifecycle=1}
1604586705.549895 [17]    ddsperf: match_writer_with_proxy_readers(wr 4c51001:1f4636bf:4950859c:200c2) scanning proxy participants tgt=200c7
1604586705.549918 [17]    ddsperf: new_reader(guid 4c51001:1f4636bf:4950859c:100c7, (null).DCPSParticipant/ParticipantBuiltinTopicData)
1604586705.549941 [17]    ddsperf: ref_participant(4c51001:1f4636bf:4950859c:1c1 @ 0xed8bb0 <- 4c51001:1f4636bf:4950859c:100c7 @ 0xedd3f4) user 1 builtin 5
1604586705.550097 [17]    ddsperf: READER 4c51001:1f4636bf:4950859c:100c7 QOS={user_data=0<>,topic_name="DCPSParticipant",type_name="ParticipantBuiltinTopicData",topic_data=0<>,group_data=0<>,durability=1,durability_service=0:0:1:-1:-1:-1,deadline=9223372036854775807,latency_budget=0,liveliness=0:9223372036854775807,reliability=0:0,lifespan=9223372036854775807,destination_order=0,history=0:1,resource_limits=-1:-1:-1,ownership=0,ownership_strength=0,presentation=0:0:0,partition={},time_based_filter=0,transport_priority=0,adlink_reader_lifespan=0:9223372036854775807,adlink_writer_data_lifecycle=1,adlink_reader_data_lifecycle=9223372036854775807:9223372036854775807,adlink_subscription_keys=0:{}}
1604586705.550154 [17]    ddsperf: match_reader_with_proxy_writers(rd 4c51001:1f4636bf:4950859c:100c7) scanning proxy participants tgt=0
1604586705.550178 [17]    ddsperf: new_reader(guid 4c51001:1f4636bf:4950859c:4c7, (null).DCPSSubscription/SubscriptionBuiltinTopicData)
1604586705.550201 [17]    ddsperf: ref_participant(4c51001:1f4636bf:4950859c:1c1 @ 0xed8bb0 <- 4c51001:1f4636bf:4950859c:4c7 @ 0xedd754) user 1 builtin 6
1604586705.550249 [17]    ddsperf: READER 4c51001:1f4636bf:4950859c:4c7 QOS={user_data=0<>,topic_name="DCPSSubscription",type_name="SubscriptionBuiltinTopicData",topic_data=0<>,group_data=0<>,durability=1,deadline=9223372036854775807,latency_budget=0,liveliness=0:9223372036854775807,reliability=1:100000000,destination_order=0,history=0:1,resource_limits=-1:-1:-1,ownership=0,presentation=0:0:0,partition={},time_based_filter=0,transport_priority=0,adlink_reader_lifespan=0:9223372036854775807,adlink_reader_data_lifecycle=9223372036854775807:9223372036854775807,adlink_subscription_keys=0:{}}
1604586705.550293 [17]    ddsperf: match_reader_with_proxy_writers(rd 4c51001:1f4636bf:4950859c:4c7) scanning proxy participants tgt=4c2
1604586705.550316 [17]    ddsperf: new_reader(guid 4c51001:1f4636bf:4950859c:3c7, (null).DCPSPublication/PublicationBuiltinTopicData)
1604586705.550339 [17]    ddsperf: ref_participant(4c51001:1f4636bf:4950859c:1c1 @ 0xed8bb0 <- 4c51001:1f4636bf:4950859c:3c7 @ 0xeddad4) user 1 builtin 7
1604586705.550385 [17]    ddsperf: READER 4c51001:1f4636bf:4950859c:3c7 QOS={user_data=0<>,topic_name="DCPSPublication",type_name="PublicationBuiltinTopicData",topic_data=0<>,group_data=0<>,durability=1,deadline=9223372036854775807,latency_budget=0,liveliness=0:9223372036854775807,reliability=1:100000000,destination_order=0,history=0:1,resource_limits=-1:-1:-1,ownership=0,presentation=0:0:0,partition={},time_based_filter=0,transport_priority=0,adlink_reader_lifespan=0:9223372036854775807,adlink_reader_data_lifecycle=9223372036854775807:9223372036854775807,adlink_subscription_keys=0:{}}
1604586705.550410 [17]    ddsperf: match_reader_with_proxy_writers(rd 4c51001:1f4636bf:4950859c:3c7) scanning proxy participants tgt=3c2
1604586705.550432 [17]    ddsperf: new_reader(guid 4c51001:1f4636bf:4950859c:200c7, (null).DCPSParticipantMessage/ParticipantMessageData)
1604586705.550455 [17]    ddsperf: ref_participant(4c51001:1f4636bf:4950859c:1c1 @ 0xed8bb0 <- 4c51001:1f4636bf:4950859c:200c7 @ 0xedde54) user 1 builtin 8
1604586705.550515 [17]    ddsperf: READER 4c51001:1f4636bf:4950859c:200c7 QOS={user_data=0<>,topic_name="DCPSParticipantMessage",type_name="ParticipantMessageData",topic_data=0<>,group_data=0<>,durability=1,deadline=9223372036854775807,latency_budget=0,liveliness=0:9223372036854775807,reliability=1:100000000,destination_order=0,history=0:1,resource_limits=-1:-1:-1,ownership=0,presentation=0:0:0,partition={},time_based_filter=0,transport_priority=0,adlink_reader_lifespan=0:9223372036854775807,adlink_reader_data_lifecycle=9223372036854775807:9223372036854775807,adlink_subscription_keys=0:{}}
1604586705.550540 [17]    ddsperf: match_reader_with_proxy_writers(rd 4c51001:1f4636bf:4950859c:200c7) scanning proxy participants tgt=200c2
1604586705.550888 [17]    ddsperf: new_reader(guid 4c51001:1f4636bf:4950859c:107, __BUILT-IN PARTITION__.DCPSParticipant/org::eclipse::cyclonedds::builtin::DCPSParticipant)
1604586705.550918 [17]    ddsperf: ref_participant(4c51001:1f4636bf:4950859c:1c1 @ 0xed8bb0 <- 4c51001:1f4636bf:4950859c:107 @ 0xee1944) user 2 builtin 8
1604586705.551083 [17]    ddsperf: READER 4c51001:1f4636bf:4950859c:107 QOS={user_data=0<>,topic_name="DCPSParticipant",type_name="org::eclipse::cyclonedds::builtin::DCPSParticipant",topic_data=0<>,group_data=0<>,durability=1,deadline=9223372036854775807,latency_budget=0,liveliness=0:9223372036854775807,reliability=1:100000000,destination_order=0,history=0:1,resource_limits=-1:-1:-1,ownership=0,presentation=1:0:0,partition={"__BUILT-IN PARTITION__"},time_based_filter=0,transport_priority=0,adlink_entity_factory=1,adlink_reader_lifespan=0:9223372036854775807,adlink_reader_data_lifecycle=9223372036854775807:9223372036854775807,adlink_subscription_keys=0:{}}
1604586705.551188 [17]    ddsperf: match_reader_with_proxy_writers(rd 4c51001:1f4636bf:4950859c:107) scanning all pwrs of topic DCPSParticipant
1604586705.551211 [17]    ddsperf: match_reader_with_writers(rd 4c51001:1f4636bf:4950859c:107) scanning all wrs of topic DCPSParticipant
1604586705.551241 [17]    ddsperf:   reader_add_local_connection(wr 0:0:0:100c2 rd 4c51001:1f4636bf:4950859c:107)
1604586705.551286 [17]    ddsperf:   writer_add_local_connection(wr 0:0:0:100c2 rd 4c51001:1f4636bf:4950859c:107)
1604586705.551353 [17]    ddsperf: new_reader(guid 4c51001:1f4636bf:4950859c:207, __BUILT-IN PARTITION__.DCPSSubscription/org::eclipse::cyclonedds::builtin::DCPSSubscription)
1604586705.551381 [17]    ddsperf: ref_participant(4c51001:1f4636bf:4950859c:1c1 @ 0xed8bb0 <- 4c51001:1f4636bf:4950859c:207 @ 0xee2c34) user 3 builtin 8
1604586705.551470 [17]    ddsperf: READER 4c51001:1f4636bf:4950859c:207 QOS={user_data=0<>,topic_name="DCPSSubscription",type_name="org::eclipse::cyclonedds::builtin::DCPSSubscription",topic_data=0<>,group_data=0<>,durability=1,deadline=9223372036854775807,latency_budget=0,liveliness=0:9223372036854775807,reliability=1:100000000,destination_order=0,history=0:1,resource_limits=-1:-1:-1,ownership=0,presentation=1:0:0,partition={"__BUILT-IN PARTITION__"},time_based_filter=0,transport_priority=0,adlink_entity_factory=1,adlink_reader_lifespan=0:9223372036854775807,adlink_reader_data_lifecycle=9223372036854775807:9223372036854775807,adlink_subscription_keys=0:{}}
1604586705.551512 [17]    ddsperf: match_reader_with_proxy_writers(rd 4c51001:1f4636bf:4950859c:207) scanning all pwrs of topic DCPSSubscription
1604586705.551535 [17]    ddsperf: match_reader_with_writers(rd 4c51001:1f4636bf:4950859c:207) scanning all wrs of topic DCPSSubscription
1604586705.551560 [17]    ddsperf:   reader_add_local_connection(wr 0:0:0:4c2 rd 4c51001:1f4636bf:4950859c:207)
1604586705.551606 [17]    ddsperf:   writer_add_local_connection(wr 0:0:0:4c2 rd 4c51001:1f4636bf:4950859c:207)
1604586705.551674 [17]    ddsperf: new_reader(guid 4c51001:1f4636bf:4950859c:307, __BUILT-IN PARTITION__.DCPSPublication/org::eclipse::cyclonedds::builtin::DCPSPublication)
1604586705.551701 [17]    ddsperf: ref_participant(4c51001:1f4636bf:4950859c:1c1 @ 0xed8bb0 <- 4c51001:1f4636bf:4950859c:307 @ 0xee4634) user 4 builtin 8
1604586705.551750 [17]    ddsperf: READER 4c51001:1f4636bf:4950859c:307 QOS={user_data=0<>,topic_name="DCPSPublication",type_name="org::eclipse::cyclonedds::builtin::DCPSPublication",topic_data=0<>,group_data=0<>,durability=1,deadline=9223372036854775807,latency_budget=0,liveliness=0:9223372036854775807,reliability=1:100000000,destination_order=0,history=0:1,resource_limits=-1:-1:-1,ownership=0,presentation=1:0:0,partition={"__BUILT-IN PARTITION__"},time_based_filter=0,transport_priority=0,adlink_entity_factory=1,adlink_reader_lifespan=0:9223372036854775807,adlink_reader_data_lifecycle=9223372036854775807:9223372036854775807,adlink_subscription_keys=0:{}}
1604586705.551789 [17]    ddsperf: match_reader_with_proxy_writers(rd 4c51001:1f4636bf:4950859c:307) scanning all pwrs of topic DCPSPublication
1604586705.551882 [17]    ddsperf: match_reader_with_writers(rd 4c51001:1f4636bf:4950859c:307) scanning all wrs of topic DCPSPublication
1604586705.551909 [17]    ddsperf:   reader_add_local_connection(wr 0:0:0:3c2 rd 4c51001:1f4636bf:4950859c:307)
1604586705.551937 [17]    ddsperf:   writer_add_local_connection(wr 0:0:0:3c2 rd 4c51001:1f4636bf:4950859c:307)
1604586705.552197 [17]    ddsperf: new_writer(guid 4c51001:1f4636bf:4950859c:402, (default).DDSPerfCPUStats/CPUStats)
1604586705.552227 [17]    ddsperf: ref_participant(4c51001:1f4636bf:4950859c:1c1 @ 0xed8bb0 <- 4c51001:1f4636bf:4950859c:402 @ 0xee69b4) user 5 builtin 8
1604586705.552279 [17]    ddsperf: WRITER 4c51001:1f4636bf:4950859c:402 QOS={user_data=0<>,topic_name="DDSPerfCPUStats",type_name="CPUStats",topic_data=0<>,group_data=0<>,durability=0,durability_service=0:0:1:-1:-1:-1,deadline=9223372036854775807,latency_budget=0,liveliness=0:9223372036854775807,reliability=1:100000000,lifespan=9223372036854775807,destination_order=0,history=0:1,resource_limits=-1:-1:-1,ownership=0,ownership_strength=0,presentation=0:0:0,partition={},transport_priority=0,adlink_entity_factory=1,adlink_writer_data_lifecycle=1}
1604586705.552351 [17]    ddsperf: match_writer_with_proxy_readers(wr 4c51001:1f4636bf:4950859c:402) scanning all prds of topic DDSPerfCPUStats
1604586705.552375 [17]    ddsperf: match_writer_with_readers(wr 4c51001:1f4636bf:4950859c:402) scanning all rds of topic DDSPerfCPUStats
1604586705.552623 [17]    ddsperf: new_reader(guid 4c51001:1f4636bf:4950859c:507, (default).DDSPerfCPUStats/CPUStats)
1604586705.552652 [17]    ddsperf: ref_participant(4c51001:1f4636bf:4950859c:1c1 @ 0xed8bb0 <- 4c51001:1f4636bf:4950859c:507 @ 0xee7b74) user 6 builtin 8
1604586705.552741 [17]    ddsperf: READER 4c51001:1f4636bf:4950859c:507 QOS={user_data=0<>,topic_name="DDSPerfCPUStats",type_name="CPUStats",topic_data=0<>,group_data=0<>,durability=0,deadline=9223372036854775807,latency_budget=0,liveliness=0:9223372036854775807,reliability=1:100000000,destination_order=0,history=0:1,resource_limits=-1:-1:-1,ownership=0,presentation=0:0:0,partition={},time_based_filter=0,transport_priority=0,adlink_entity_factory=1,adlink_reader_lifespan=0:9223372036854775807,adlink_reader_data_lifecycle=9223372036854775807:9223372036854775807,adlink_subscription_keys=0:{}}
1604586705.552784 [17]    ddsperf: match_reader_with_proxy_writers(rd 4c51001:1f4636bf:4950859c:507) scanning all pwrs of topic DDSPerfCPUStats
1604586705.552806 [17]    ddsperf: match_reader_with_writers(rd 4c51001:1f4636bf:4950859c:507) scanning all wrs of topic DDSPerfCPUStats
1604586705.552878 [17]    ddsperf: new_reader(guid 4c51001:1f4636bf:4950859c:607, (default).DDSPerfRPingKS/KeyedSeq)
1604586705.553462 [17] dq.builtin: SPDP ST0 65f41001:ac7ed949:5c2dfedd:1c1 bes c3f NEW (0x00000000-0x0000002c-0x00000000-0x00000000-0x00000000 fedora30-guest-2/0.7.0/Linux/Linux) (data udp/239.255.0.1:11651 udp/192.168.122.29:56320 meta udp/239.255.0.1:11650 udp/192.168.122.29:56320) QOS={user_data=31<"DDSPerf:0:4410:fedora30-guest-2">}
1604586705.553541 [17]    ddsperf: ref_participant(4c51001:1f4636bf:4950859c:1c1 @ 0xed8bb0 <- 4c51001:1f4636bf:4950859c:607 @ 0xee8cf4) user 7 builtin 8
1604586705.553593 [17] dq.builtin: match_proxy_reader_with_writers(prd 65f41001:ac7ed949:5c2dfedd:100c7) scanning participants tgt=0
1604586705.553616 [17]    ddsperf: READER 4c51001:1f4636bf:4950859c:607 QOS={user_data=0<>,topic_name="DDSPerfRPingKS",type_name="KeyedSeq",topic_data=0<>,group_data=0<>,durability=0,deadline=9223372036854775807,latency_budget=0,liveliness=0:9223372036854775807,reliability=1:10000000000,destination_order=0,history=0:1,resource_limits=-1:-1:-1,ownership=0,presentation=0:0:0,partition={},time_based_filter=0,transport_priority=0,adlink_entity_factory=1,adlink_reader_lifespan=0:9223372036854775807,adlink_reader_data_lifecycle=9223372036854775807:9223372036854775807,adlink_subscription_keys=0:{}}
1604586705.553630 [17] dq.builtin: match_proxy_writer_with_readers(pwr 65f41001:ac7ed949:5c2dfedd:3c2) scanning participants tgt=3c7
1604586705.553661 [17] dq.builtin:   reader 4c51001:1f4636bf:4950859c:3c7 init_acknack_count = 1
1604586705.553673 [17]    ddsperf: match_reader_with_proxy_writers(rd 4c51001:1f4636bf:4950859c:607) scanning all pwrs of topic DDSPerfRPingKS
1604586705.553682 [17] dq.builtin:   reader_add_connection(pwr 65f41001:ac7ed949:5c2dfedd:3c2 rd 4c51001:1f4636bf:4950859c:3c7)
1604586705.553749 [17] dq.builtin:   proxy_writer_add_connection(pwr 65f41001:ac7ed949:5c2dfedd:3c2 rd 4c51001:1f4636bf:4950859c:3c7) - out-of-sync
1604586705.553782 [17] dq.builtin: match_proxy_reader_with_writers(prd 65f41001:ac7ed949:5c2dfedd:3c7) scanning participants tgt=3c2
1604586705.553809 [17] dq.builtin:   proxy_reader_add_connection(wr 4c51001:1f4636bf:4950859c:3c2 prd 65f41001:ac7ed949:5c2dfedd:3c7)
1604586705.553835 [17] dq.builtin:   writer_add_connection(wr 4c51001:1f4636bf:4950859c:3c2 prd 65f41001:ac7ed949:5c2dfedd:3c7) - ack seq 1
1604586705.553909 [17] dq.builtin: setcover: all_addrs udp/239.255.0.1:11650 udp/192.168.122.29:56320
1604586705.553919 [17]    ddsperf: match_reader_with_writers(rd 4c51001:1f4636bf:4950859c:607) scanning all wrs of topic DDSPerfRPingKS
1604586705.553935 [17] dq.builtin: reduced nlocs=2
1604586705.554053 [17] dq.builtin:   loc  0 = udp/192.168.122.29:56320        1 { 0 }
1604586705.554075 [17]    ddsperf: new_writer(guid 4c51001:1f4636bf:4950859c:702, (default).DDSPerfRPingKS/KeyedSeq)
1604586705.554076 [17] dq.builtin:   loc  1 = udp/239.255.0.1:11650           1 { 0 }
1604586705.554122 [17]    ddsperf: ref_participant(4c51001:1f4636bf:4950859c:1c1 @ 0xed8bb0 <- 4c51001:1f4636bf:4950859c:702 @ 0xeea3a4) user 8 builtin 8
1604586705.554159 [17] dq.builtin:   best = 0
1604586705.554214 [17] dq.builtin:   simple udp/192.168.122.29:56320
1604586705.554251 [17] dq.builtin: rebuild_writer_addrset(4c51001:1f4636bf:4950859c:3c2): udp/192.168.122.29:56320 (burst size 4294901760 rexmit 283990)
1604586705.554321 [17]    ddsperf: WRITER 4c51001:1f4636bf:4950859c:702 QOS={user_data=0<>,topic_name="DDSPerfRPingKS",type_name="KeyedSeq",topic_data=0<>,group_data=0<>,durability=0,durability_service=0:0:1:-1:-1:-1,deadline=9223372036854775807,latency_budget=0,liveliness=0:9223372036854775807,reliability=1:10000000000,lifespan=9223372036854775807,destination_order=0,history=0:1,resource_limits=-1:-1:-1,ownership=0,ownership_strength=0,presentation=0:0:0,partition={},transport_priority=0,adlink_entity_factory=1,adlink_writer_data_lifecycle=1}
1604586705.554332 [17] dq.builtin: match_proxy_writer_with_readers(pwr 65f41001:ac7ed949:5c2dfedd:4c2) scanning participants tgt=4c7
1604586705.554358 [17] dq.builtin:   reader 4c51001:1f4636bf:4950859c:4c7 init_acknack_count = 1
1604586705.554366 [17]    ddsperf: match_writer_with_proxy_readers(wr 4c51001:1f4636bf:4950859c:702) scanning all prds of topic DDSPerfRPingKS
1604586705.554381 [17] dq.builtin:   reader_add_connection(pwr 65f41001:ac7ed949:5c2dfedd:4c2 rd 4c51001:1f4636bf:4950859c:4c7)
1604586705.554398 [17]    ddsperf: match_writer_with_readers(wr 4c51001:1f4636bf:4950859c:702) scanning all rds of topic DDSPerfRPingKS
1604586705.554413 [17] dq.builtin:   proxy_writer_add_connection(pwr 65f41001:ac7ed949:5c2dfedd:4c2 rd 4c51001:1f4636bf:4950859c:4c7) - out-of-sync
1604586705.554445 [17] dq.builtin: match_proxy_reader_with_writers(prd 65f41001:ac7ed949:5c2dfedd:4c7) scanning participants tgt=4c2
1604586705.554470 [17] dq.builtin:   proxy_reader_add_connection(wr 4c51001:1f4636bf:4950859c:4c2 prd 65f41001:ac7ed949:5c2dfedd:4c7)
1604586705.554489 [17]    ddsperf: new_writer(guid 4c51001:1f4636bf:4950859c:802, (default).DDSPerfRDataKS/KeyedSeq)
1604586705.554539 [17]    ddsperf: ref_participant(4c51001:1f4636bf:4950859c:1c1 @ 0xed8bb0 <- 4c51001:1f4636bf:4950859c:802 @ 0xeebe54) user 9 builtin 8
1604586705.554587 [17]    ddsperf: WRITER 4c51001:1f4636bf:4950859c:802 QOS={user_data=0<>,topic_name="DDSPerfRDataKS",type_name="KeyedSeq",topic_data=0<>,group_data=0<>,durability=0,durability_service=0:0:1:-1:-1:-1,deadline=9223372036854775807,latency_budget=0,liveliness=0:9223372036854775807,reliability=1:10000000000,lifespan=9223372036854775807,destination_order=0,history=1:1,resource_limits=10000:-1:-1,ownership=0,ownership_strength=0,presentation=0:0:0,partition={},transport_priority=0,adlink_entity_factory=1,adlink_writer_data_lifecycle=1}
1604586705.554493 [17] dq.builtin:   writer_add_connection(wr 4c51001:1f4636bf:4950859c:4c2 prd 65f41001:ac7ed949:5c2dfedd:4c7) - ack seq 2
1604586705.554625 [17]    ddsperf: match_writer_with_proxy_readers(wr 4c51001:1f4636bf:4950859c:802) scanning all prds of topic DDSPerfRDataKS
1604586705.554649 [17]    ddsperf: match_writer_with_readers(wr 4c51001:1f4636bf:4950859c:802) scanning all rds of topic DDSPerfRDataKS
1604586705.554652 [17] dq.builtin: setcover: all_addrs udp/239.255.0.1:11650 udp/192.168.122.29:56320
1604586705.554715 [17] dq.builtin: reduced nlocs=2
1604586705.554759 [17] dq.builtin:   loc  0 = udp/192.168.122.29:56320        1 { 0 }
1604586705.554783 [17] dq.builtin:   loc  1 = udp/239.255.0.1:11650           1 { 0 }
1604586705.554801 [17] dq.builtin:   best = 0
1604586705.554822 [17] dq.builtin:   simple udp/192.168.122.29:56320
1604586705.554848 [17] dq.builtin: rebuild_writer_addrset(4c51001:1f4636bf:4950859c:4c2): udp/192.168.122.29:56320 (burst size 4294901760 rexmit 283990)
1604586705.554910 [17] dq.builtin: match_proxy_writer_with_readers(pwr 65f41001:ac7ed949:5c2dfedd:200c2) scanning participants tgt=200c7
1604586705.554934 [17] dq.builtin:   reader 4c51001:1f4636bf:4950859c:200c7 init_acknack_count = 1
1604586705.555005 [17] dq.builtin:   reader_add_connection(pwr 65f41001:ac7ed949:5c2dfedd:200c2 rd 4c51001:1f4636bf:4950859c:200c7)
1604586705.555031 [17] dq.builtin:   proxy_writer_add_connection(pwr 65f41001:ac7ed949:5c2dfedd:200c2 rd 4c51001:1f4636bf:4950859c:200c7) - out-of-sync
1604586705.555055 [17]    ddsperf: new_reader(guid 4c51001:1f4636bf:4950859c:907, 04c51001_1f4636bf_4950859c_000001c1.DDSPerfRPongKS/KeyedSeq)
1604586705.555079 [17] dq.builtin: match_proxy_reader_with_writers(prd 65f41001:ac7ed949:5c2dfedd:200c7) scanning participants tgt=200c2
1604586705.555102 [17]    ddsperf: ref_participant(4c51001:1f4636bf:4950859c:1c1 @ 0xed8bb0 <- 4c51001:1f4636bf:4950859c:907 @ 0xeed7d4) user 10 builtin 8
1604586705.555176 [17]    ddsperf: READER 4c51001:1f4636bf:4950859c:907 QOS={user_data=0<>,topic_name="DDSPerfRPongKS",type_name="KeyedSeq",topic_data=0<>,group_data=0<>,durability=0,deadline=9223372036854775807,latency_budget=0,liveliness=0:9223372036854775807,reliability=1:10000000000,destination_order=0,history=1:1,resource_limits=10000:-1:-1,ownership=0,presentation=0:0:0,partition={"04c51001_1f4636bf_4950859c_000001c1"},time_based_filter=0,transport_priority=0,adlink_entity_factory=1,adlink_reader_lifespan=0:9223372036854775807,adlink_reader_data_lifecycle=9223372036854775807:9223372036854775807,adlink_subscription_keys=0:{}}
1604586705.555109 [17] dq.builtin:   proxy_reader_add_connection(wr 4c51001:1f4636bf:4950859c:200c2 prd 65f41001:ac7ed949:5c2dfedd:200c7)
1604586705.555242 [17] dq.builtin:   writer_add_connection(wr 4c51001:1f4636bf:4950859c:200c2 prd 65f41001:ac7ed949:5c2dfedd:200c7) - ack seq 1
1604586705.555244 [17]    ddsperf: match_reader_with_proxy_writers(rd 4c51001:1f4636bf:4950859c:907) scanning all pwrs of topic DDSPerfRPongKS
1604586705.555280 [17] dq.builtin: setcover: all_addrs udp/239.255.0.1:11650 udp/192.168.122.29:56320
1604586705.555321 [17]    ddsperf: match_reader_with_writers(rd 4c51001:1f4636bf:4950859c:907) scanning all wrs of topic DDSPerfRPongKS
1604586705.555382 [17] dq.builtin: reduced nlocs=2
1604586705.555412 [17] dq.builtin:   loc  0 = udp/192.168.122.29:56320        1 { 0 }
1604586705.555435 [17] dq.builtin:   loc  1 = udp/239.255.0.1:11650           1 { 0 }
1604586705.555453 [17] dq.builtin:   best = 0
1604586705.555473 [17] dq.builtin:   simple udp/192.168.122.29:56320
1604586705.555499 [17] dq.builtin: rebuild_writer_addrset(4c51001:1f4636bf:4950859c:200c2): udp/192.168.122.29:56320 (burst size 4294901760 rexmit 283990)
1604586705.555653 [17] dq.builtin: new_writer(guid 4c51001:1f4636bf:4950859c:a02, 65f41001_ac7ed949_5c2dfedd_000001c1.DDSPerfRPongKS/KeyedSeq)
1604586705.555681 [17] dq.builtin: ref_participant(4c51001:1f4636bf:4950859c:1c1 @ 0xed8bb0 <- 4c51001:1f4636bf:4950859c:a02 @ 0x7f28bc0050c4) user 11 builtin 8
1604586705.555735 [17] dq.builtin: WRITER 4c51001:1f4636bf:4950859c:a02 QOS={user_data=0<>,topic_name="DDSPerfRPongKS",type_name="KeyedSeq",topic_data=0<>,group_data=0<>,durability=0,durability_service=0:0:1:-1:-1:-1,deadline=9223372036854775807,latency_budget=0,liveliness=0:9223372036854775807,reliability=1:10000000000,lifespan=9223372036854775807,destination_order=0,history=0:1,resource_limits=-1:-1:-1,ownership=0,ownership_strength=0,presentation=0:0:0,partition={"65f41001_ac7ed949_5c2dfedd_000001c1"},transport_priority=0,adlink_entity_factory=1,adlink_writer_data_lifecycle=1}
1604586705.555778 [17] dq.builtin: match_writer_with_proxy_readers(wr 4c51001:1f4636bf:4950859c:a02) scanning all prds of topic DDSPerfRPongKS
1604586705.555801 [17] dq.builtin: match_writer_with_readers(wr 4c51001:1f4636bf:4950859c:a02) scanning all rds of topic DDSPerfRPongKS
1604586705.556192 [17] dq.builtin: directed SPDP packet -> not responding
1604586705.564759 [17] dq.builtin: SEDP ST0 65f41001:ac7ed949:5c2dfedd:402 reliable volatile writer: (default).DDSPerfCPUStats/CPUStats p(open) NEW (as udp/239.255.0.1:11651 udp/192.168.122.29:56320 ssm=0) QOS={user_data=0<>,topic_name="DDSPerfCPUStats",type_name="CPUStats",topic_data=0<>,group_data=0<>,durability=0,durability_service=0:0:1:-1:-1:-1,deadline=9223372036854775807,latency_budget=0,liveliness=0:9223372036854775807,reliability=1:100000000,lifespan=9223372036854775807,destination_order=0,history=0:1,resource_limits=-1:-1:-1,ownership=0,ownership_strength=0,presentation=0:0:0,partition={},transport_priority=0,adlink_entity_factory=1,adlink_writer_data_lifecycle=1}
1604586705.564982 [17] dq.builtin: match_proxy_writer_with_readers(pwr 65f41001:ac7ed949:5c2dfedd:402) scanning all rds of topic DDSPerfCPUStats
1604586705.565031 [17] dq.builtin:   reader 4c51001:1f4636bf:4950859c:507 init_acknack_count = 1
1604586705.565052 [17] dq.builtin:   reader_add_connection(pwr 65f41001:ac7ed949:5c2dfedd:402 rd 4c51001:1f4636bf:4950859c:507)
1604586705.565096 [17] dq.builtin:   proxy_writer_add_connection(pwr 65f41001:ac7ed949:5c2dfedd:402 rd 4c51001:1f4636bf:4950859c:507) - out-of-sync
1604586705.565284 [17] dq.builtin: SEDP ST0 65f41001:ac7ed949:5c2dfedd:702 reliable volatile writer: (default).DDSPerfRPingKS/KeyedSeq p(open) NEW (as udp/239.255.0.1:11651 udp/192.168.122.29:56320 ssm=0) QOS={user_data=0<>,topic_name="DDSPerfRPingKS",type_name="KeyedSeq",topic_data=0<>,group_data=0<>,durability=0,durability_service=0:0:1:-1:-1:-1,deadline=9223372036854775807,latency_budget=0,liveliness=0:9223372036854775807,reliability=1:10000000000,lifespan=9223372036854775807,destination_order=0,history=0:1,resource_limits=-1:-1:-1,ownership=0,ownership_strength=0,presentation=0:0:0,partition={},transport_priority=0,adlink_entity_factory=1,adlink_writer_data_lifecycle=1}
1604586705.565353 [17] dq.builtin: match_proxy_writer_with_readers(pwr 65f41001:ac7ed949:5c2dfedd:702) scanning all rds of topic DDSPerfRPingKS
1604586705.565382 [17] dq.builtin:   reader 4c51001:1f4636bf:4950859c:607 init_acknack_count = 1
1604586705.565402 [17] dq.builtin:   reader_add_connection(pwr 65f41001:ac7ed949:5c2dfedd:702 rd 4c51001:1f4636bf:4950859c:607)
1604586705.566453 [17] dq.builtin:   proxy_writer_add_connection(pwr 65f41001:ac7ed949:5c2dfedd:702 rd 4c51001:1f4636bf:4950859c:607) - out-of-sync
1604586705.566634 [17] dq.builtin: SEDP ST0 65f41001:ac7ed949:5c2dfedd:802 reliable volatile writer: (default).DDSPerfRDataKS/KeyedSeq p(open) NEW (as udp/239.255.0.1:11651 udp/192.168.122.29:56320 ssm=0) QOS={user_data=0<>,topic_name="DDSPerfRDataKS",type_name="KeyedSeq",topic_data=0<>,group_data=0<>,durability=0,durability_service=0:0:1:-1:-1:-1,deadline=9223372036854775807,latency_budget=0,liveliness=0:9223372036854775807,reliability=1:10000000000,lifespan=9223372036854775807,destination_order=0,history=1:1,resource_limits=10000:-1:-1,ownership=0,ownership_strength=0,presentation=0:0:0,partition={},transport_priority=0,adlink_entity_factory=1,adlink_writer_data_lifecycle=1}
1604586705.566793 [17] dq.builtin: match_proxy_writer_with_readers(pwr 65f41001:ac7ed949:5c2dfedd:802) scanning all rds of topic DDSPerfRDataKS
1604586705.566877 [17] dq.builtin: SEDP ST0 65f41001:ac7ed949:5c2dfedd:a02 reliable volatile writer: c0fa1001_b51206bf_9b78f2a9_000001c1.DDSPerfRPongKS/KeyedSeq p(open) NEW (as udp/239.255.0.1:11651 udp/192.168.122.29:56320 ssm=0) QOS={user_data=0<>,topic_name="DDSPerfRPongKS",type_name="KeyedSeq",topic_data=0<>,group_data=0<>,durability=0,durability_service=0:0:1:-1:-1:-1,deadline=9223372036854775807,latency_budget=0,liveliness=0:9223372036854775807,reliability=1:10000000000,lifespan=9223372036854775807,destination_order=0,history=0:1,resource_limits=-1:-1:-1,ownership=0,ownership_strength=0,presentation=0:0:0,partition={"c0fa1001_b51206bf_9b78f2a9_000001c1"},transport_priority=0,adlink_entity_factory=1,adlink_writer_data_lifecycle=1}
1604586705.566980 [17] dq.builtin: match_proxy_writer_with_readers(pwr 65f41001:ac7ed949:5c2dfedd:a02) scanning all rds of topic DDSPerfRPongKS
1604586705.567077 [17] dq.builtin: SEDP ST0 65f41001:ac7ed949:5c2dfedd:b02 reliable volatile writer: 11631001_17822407_04a9b4d3_000001c1.DDSPerfRPongKS/KeyedSeq p(open) NEW (as udp/239.255.0.1:11651 udp/192.168.122.29:56320 ssm=0) QOS={user_data=0<>,topic_name="DDSPerfRPongKS",type_name="KeyedSeq",topic_data=0<>,group_data=0<>,durability=0,durability_service=0:0:1:-1:-1:-1,deadline=9223372036854775807,latency_budget=0,liveliness=0:9223372036854775807,reliability=1:10000000000,lifespan=9223372036854775807,destination_order=0,history=0:1,resource_limits=-1:-1:-1,ownership=0,ownership_strength=0,presentation=0:0:0,partition={"11631001_17822407_04a9b4d3_000001c1"},transport_priority=0,adlink_entity_factory=1,adlink_writer_data_lifecycle=1}
1604586705.567142 [17] dq.builtin: match_proxy_writer_with_readers(pwr 65f41001:ac7ed949:5c2dfedd:b02) scanning all rds of topic DDSPerfRPongKS
1604586705.567230 [17] dq.builtin: SEDP ST0 65f41001:ac7ed949:5c2dfedd:c02 reliable volatile writer: 48421001_201c0797_9aa626b6_000001c1.DDSPerfRPongKS/KeyedSeq p(open) NEW (as udp/239.255.0.1:11651 udp/192.168.122.29:56320 ssm=0) QOS={user_data=0<>,topic_name="DDSPerfRPongKS",type_name="KeyedSeq",topic_data=0<>,group_data=0<>,durability=0,durability_service=0:0:1:-1:-1:-1,deadline=9223372036854775807,latency_budget=0,liveliness=0:9223372036854775807,reliability=1:10000000000,lifespan=9223372036854775807,destination_order=0,history=0:1,resource_limits=-1:-1:-1,ownership=0,ownership_strength=0,presentation=0:0:0,partition={"48421001_201c0797_9aa626b6_000001c1"},transport_priority=0,adlink_entity_factory=1,adlink_writer_data_lifecycle=1}
1604586705.567271 [17] dq.builtin: match_proxy_writer_with_readers(pwr 65f41001:ac7ed949:5c2dfedd:c02) scanning all rds of topic DDSPerfRPongKS
1604586705.567344 [17] dq.builtin: SEDP ST0 65f41001:ac7ed949:5c2dfedd:d02 reliable volatile writer: 44c51001_51393527_114ab145_000001c1.DDSPerfRPongKS/KeyedSeq p(open) NEW (as udp/239.255.0.1:11651 udp/192.168.122.29:56320 ssm=0) QOS={user_data=0<>,topic_name="DDSPerfRPongKS",type_name="KeyedSeq",topic_data=0<>,group_data=0<>,durability=0,durability_service=0:0:1:-1:-1:-1,deadline=9223372036854775807,latency_budget=0,liveliness=0:9223372036854775807,reliability=1:10000000000,lifespan=9223372036854775807,destination_order=0,history=0:1,resource_limits=-1:-1:-1,ownership=0,ownership_strength=0,presentation=0:0:0,partition={"44c51001_51393527_114ab145_000001c1"},transport_priority=0,adlink_entity_factory=1,adlink_writer_data_lifecycle=1}
1604586705.567465 [17] dq.builtin: match_proxy_writer_with_readers(pwr 65f41001:ac7ed949:5c2dfedd:d02) scanning all rds of topic DDSPerfRPongKS
1604586705.567544 [17] dq.builtin: SEDP ST0 65f41001:ac7ed949:5c2dfedd:e02 reliable volatile writer: a0bc1001_a36a7413_53ff0328_000001c1.DDSPerfRPongKS/KeyedSeq p(open) NEW (as udp/239.255.0.1:11651 udp/192.168.122.29:56320 ssm=0) QOS={user_data=0<>,topic_name="DDSPerfRPongKS",type_name="KeyedSeq",topic_data=0<>,group_data=0<>,durability=0,durability_service=0:0:1:-1:-1:-1,deadline=9223372036854775807,latency_budget=0,liveliness=0:9223372036854775807,reliability=1:10000000000,lifespan=9223372036854775807,destination_order=0,history=0:1,resource_limits=-1:-1:-1,ownership=0,ownership_strength=0,presentation=0:0:0,partition={"a0bc1001_a36a7413_53ff0328_000001c1"},transport_priority=0,adlink_entity_factory=1,adlink_writer_data_lifecycle=1}
1604586705.567643 [17] dq.builtin: match_proxy_writer_with_readers(pwr 65f41001:ac7ed949:5c2dfedd:e02) scanning all rds of topic DDSPerfRPongKS
1604586705.567722 [17] dq.builtin: SEDP ST0 65f41001:ac7ed949:5c2dfedd:f02 reliable volatile writer: 04971001_6f0ad9b9_7bdaa593_000001c1.DDSPerfRPongKS/KeyedSeq p(open) NEW (as udp/239.255.0.1:11651 udp/192.168.122.29:56320 ssm=0) QOS={user_data=0<>,topic_name="DDSPerfRPongKS",type_name="KeyedSeq",topic_data=0<>,group_data=0<>,durability=0,durability_service=0:0:1:-1:-1:-1,deadline=9223372036854775807,latency_budget=0,liveliness=0:9223372036854775807,reliability=1:10000000000,lifespan=9223372036854775807,destination_order=0,history=0:1,resource_limits=-1:-1:-1,ownership=0,ownership_strength=0,presentation=0:0:0,partition={"04971001_6f0ad9b9_7bdaa593_000001c1"},transport_priority=0,adlink_entity_factory=1,adlink_writer_data_lifecycle=1}
1604586705.567887 [17] dq.builtin: match_proxy_writer_with_readers(pwr 65f41001:ac7ed949:5c2dfedd:f02) scanning all rds of topic DDSPerfRPongKS
1604586705.568010 [17] dq.builtin: SEDP ST0 65f41001:ac7ed949:5c2dfedd:1002 reliable volatile writer: 99a01001_6916e5b9_06d45aa1_000001c1.DDSPerfRPongKS/KeyedSeq p(open) NEW (as udp/239.255.0.1:11651 udp/192.168.122.29:56320 ssm=0) QOS={user_data=0<>,topic_name="DDSPerfRPongKS",type_name="KeyedSeq",topic_data=0<>,group_data=0<>,durability=0,durability_service=0:0:1:-1:-1:-1,deadline=9223372036854775807,latency_budget=0,liveliness=0:9223372036854775807,reliability=1:10000000000,lifespan=9223372036854775807,destination_order=0,history=0:1,resource_limits=-1:-1:-1,ownership=0,ownership_strength=0,presentation=0:0:0,partition={"99a01001_6916e5b9_06d45aa1_000001c1"},transport_priority=0,adlink_entity_factory=1,adlink_writer_data_lifecycle=1}
1604586705.568107 [17] dq.builtin: match_proxy_writer_with_readers(pwr 65f41001:ac7ed949:5c2dfedd:1002) scanning all rds of topic DDSPerfRPongKS
1604586705.568247 [17] dq.builtin: SEDP ST0 65f41001:ac7ed949:5c2dfedd:1102 reliable volatile writer: eb2e1001_f8439f20_79bb99d7_000001c1.DDSPerfRPongKS/KeyedSeq p(open) NEW (as udp/239.255.0.1:11651 udp/192.168.122.29:56320 ssm=0) QOS={user_data=0<>,topic_name="DDSPerfRPongKS",type_name="KeyedSeq",topic_data=0<>,group_data=0<>,durability=0,durability_service=0:0:1:-1:-1:-1,deadline=9223372036854775807,latency_budget=0,liveliness=0:9223372036854775807,reliability=1:10000000000,lifespan=9223372036854775807,destination_order=0,history=0:1,resource_limits=-1:-1:-1,ownership=0,ownership_strength=0,presentation=0:0:0,partition={"eb2e1001_f8439f20_79bb99d7_000001c1"},transport_priority=0,adlink_entity_factory=1,adlink_writer_data_lifecycle=1}
1604586705.568294 [17] dq.builtin: match_proxy_writer_with_readers(pwr 65f41001:ac7ed949:5c2dfedd:1102) scanning all rds of topic DDSPerfRPongKS
1604586705.568410 [17] dq.builtin: SEDP ST0 65f41001:ac7ed949:5c2dfedd:1202 reliable volatile writer: 6a761001_1cd0e2ab_8d401f5a_000001c1.DDSPerfRPongKS/KeyedSeq p(open) NEW (as udp/239.255.0.1:11651 udp/192.168.122.29:56320 ssm=0) QOS={user_data=0<>,topic_name="DDSPerfRPongKS",type_name="KeyedSeq",topic_data=0<>,group_data=0<>,durability=0,durability_service=0:0:1:-1:-1:-1,deadline=9223372036854775807,latency_budget=0,liveliness=0:9223372036854775807,reliability=1:10000000000,lifespan=9223372036854775807,destination_order=0,history=0:1,resource_limits=-1:-1:-1,ownership=0,ownership_strength=0,presentation=0:0:0,partition={"6a761001_1cd0e2ab_8d401f5a_000001c1"},transport_priority=0,adlink_entity_factory=1,adlink_writer_data_lifecycle=1}
1604586705.568540 [17] dq.builtin: match_proxy_writer_with_readers(pwr 65f41001:ac7ed949:5c2dfedd:1202) scanning all rds of topic DDSPerfRPongKS
1604586705.568632 [17] dq.builtin: SEDP ST0 65f41001:ac7ed949:5c2dfedd:1302 reliable volatile writer: 7d8e1001_c5c0ee00_ec45e2a6_000001c1.DDSPerfRPongKS/KeyedSeq p(open) NEW (as udp/239.255.0.1:11651 udp/192.168.122.29:56320 ssm=0) QOS={user_data=0<>,topic_name="DDSPerfRPongKS",type_name="KeyedSeq",topic_data=0<>,group_data=0<>,durability=0,durability_service=0:0:1:-1:-1:-1,deadline=9223372036854775807,latency_budget=0,liveliness=0:9223372036854775807,reliability=1:10000000000,lifespan=9223372036854775807,destination_order=0,history=0:1,resource_limits=-1:-1:-1,ownership=0,ownership_strength=0,presentation=0:0:0,partition={"7d8e1001_c5c0ee00_ec45e2a6_000001c1"},transport_priority=0,adlink_entity_factory=1,adlink_writer_data_lifecycle=1}
1604586705.568675 [17] dq.builtin: match_proxy_writer_with_readers(pwr 65f41001:ac7ed949:5c2dfedd:1302) scanning all rds of topic DDSPerfRPongKS
1604586705.568748 [17] dq.builtin: SEDP ST0 65f41001:ac7ed949:5c2dfedd:1402 reliable volatile writer: 812e1001_9ce6f520_94da8d22_000001c1.DDSPerfRPongKS/KeyedSeq p(open) NEW (as udp/239.255.0.1:11651 udp/192.168.122.29:56320 ssm=0) QOS={user_data=0<>,topic_name="DDSPerfRPongKS",type_name="KeyedSeq",topic_data=0<>,group_data=0<>,durability=0,durability_service=0:0:1:-1:-1:-1,deadline=9223372036854775807,latency_budget=0,liveliness=0:9223372036854775807,reliability=1:10000000000,lifespan=9223372036854775807,destination_order=0,history=0:1,resource_limits=-1:-1:-1,ownership=0,ownership_strength=0,presentation=0:0:0,partition={"812e1001_9ce6f520_94da8d22_000001c1"},transport_priority=0,adlink_entity_factory=1,adlink_writer_data_lifecycle=1}
1604586705.568817 [17] dq.builtin: match_proxy_writer_with_readers(pwr 65f41001:ac7ed949:5c2dfedd:1402) scanning all rds of topic DDSPerfRPongKS
1604586705.568890 [17] dq.builtin: SEDP ST0 65f41001:ac7ed949:5c2dfedd:1502 reliable volatile writer: d3371001_c11cf94f_404a19c2_000001c1.DDSPerfRPongKS/KeyedSeq p(open) NEW (as udp/239.255.0.1:11651 udp/192.168.122.29:56320 ssm=0) QOS={user_data=0<>,topic_name="DDSPerfRPongKS",type_name="KeyedSeq",topic_data=0<>,group_data=0<>,durability=0,durability_service=0:0:1:-1:-1:-1,deadline=9223372036854775807,latency_budget=0,liveliness=0:9223372036854775807,reliability=1:10000000000,lifespan=9223372036854775807,destination_order=0,history=0:1,resource_limits=-1:-1:-1,ownership=0,ownership_strength=0,presentation=0:0:0,partition={"d3371001_c11cf94f_404a19c2_000001c1"},transport_priority=0,adlink_entity_factory=1,adlink_writer_data_lifecycle=1}
1604586705.568931 [17] dq.builtin: match_proxy_writer_with_readers(pwr 65f41001:ac7ed949:5c2dfedd:1502) scanning all rds of topic DDSPerfRPongKS
1604586705.569041 [17] dq.builtin: SEDP ST0 65f41001:ac7ed949:5c2dfedd:1602 reliable volatile writer: ad881001_4e6a767b_1113dc61_000001c1.DDSPerfRPongKS/KeyedSeq p(open) NEW (as udp/239.255.0.1:11651 udp/192.168.122.29:56320 ssm=0) QOS={user_data=0<>,topic_name="DDSPerfRPongKS",type_name="KeyedSeq",topic_data=0<>,group_data=0<>,durability=0,durability_service=0:0:1:-1:-1:-1,deadline=9223372036854775807,latency_budget=0,liveliness=0:9223372036854775807,reliability=1:10000000000,lifespan=9223372036854775807,destination_order=0,history=0:1,resource_limits=-1:-1:-1,ownership=0,ownership_strength=0,presentation=0:0:0,partition={"ad881001_4e6a767b_1113dc61_000001c1"},transport_priority=0,adlink_entity_factory=1,adlink_writer_data_lifecycle=1}
1604586705.569108 [17] dq.builtin: match_proxy_writer_with_readers(pwr 65f41001:ac7ed949:5c2dfedd:1602) scanning all rds of topic DDSPerfRPongKS
1604586705.569180 [17] dq.builtin: SEDP ST0 65f41001:ac7ed949:5c2dfedd:1702 reliable volatile writer: 74e81001_9872c3f6_05e24397_000001c1.DDSPerfRPongKS/KeyedSeq p(open) NEW (as udp/239.255.0.1:11651 udp/192.168.122.29:56320 ssm=0) QOS={user_data=0<>,topic_name="DDSPerfRPongKS",type_name="KeyedSeq",topic_data=0<>,group_data=0<>,durability=0,durability_service=0:0:1:-1:-1:-1,deadline=9223372036854775807,latency_budget=0,liveliness=0:9223372036854775807,reliability=1:10000000000,lifespan=9223372036854775807,destination_order=0,history=0:1,resource_limits=-1:-1:-1,ownership=0,ownership_strength=0,presentation=0:0:0,partition={"74e81001_9872c3f6_05e24397_000001c1"},transport_priority=0,adlink_entity_factory=1,adlink_writer_data_lifecycle=1}
1604586705.569234 [17] dq.builtin: match_proxy_writer_with_readers(pwr 65f41001:ac7ed949:5c2dfedd:1702) scanning all rds of topic DDSPerfRPongKS
1604586705.569307 [17] dq.builtin: SEDP ST0 65f41001:ac7ed949:5c2dfedd:1802 reliable volatile writer: 19311001_f63d9c49_fdcc9974_000001c1.DDSPerfRPongKS/KeyedSeq p(open) NEW (as udp/239.255.0.1:11651 udp/192.168.122.29:56320 ssm=0) QOS={user_data=0<>,topic_name="DDSPerfRPongKS",type_name="KeyedSeq",topic_data=0<>,group_data=0<>,durability=0,durability_service=0:0:1:-1:-1:-1,deadline=9223372036854775807,latency_budget=0,liveliness=0:9223372036854775807,reliability=1:10000000000,lifespan=9223372036854775807,destination_order=0,history=0:1,resource_limits=-1:-1:-1,ownership=0,ownership_strength=0,presentation=0:0:0,partition={"19311001_f63d9c49_fdcc9974_000001c1"},transport_priority=0,adlink_entity_factory=1,adlink_writer_data_lifecycle=1}
1604586705.569349 [17] dq.builtin: match_proxy_writer_with_readers(pwr 65f41001:ac7ed949:5c2dfedd:1802) scanning all rds of topic DDSPerfRPongKS
1604586705.569421 [17] dq.builtin: SEDP ST0 65f41001:ac7ed949:5c2dfedd:1902 reliable volatile writer: 04c51001_1f4636bf_4950859c_000001c1.DDSPerfRPongKS/KeyedSeq p(open) NEW (as udp/239.255.0.1:11651 udp/192.168.122.29:56320 ssm=0) QOS={user_data=0<>,topic_name="DDSPerfRPongKS",type_name="KeyedSeq",topic_data=0<>,group_data=0<>,durability=0,durability_service=0:0:1:-1:-1:-1,deadline=9223372036854775807,latency_budget=0,liveliness=0:9223372036854775807,reliability=1:10000000000,lifespan=9223372036854775807,destination_order=0,history=0:1,resource_limits=-1:-1:-1,ownership=0,ownership_strength=0,presentation=0:0:0,partition={"04c51001_1f4636bf_4950859c_000001c1"},transport_priority=0,adlink_entity_factory=1,adlink_writer_data_lifecycle=1}
1604586705.569487 [17] dq.builtin: match_proxy_writer_with_readers(pwr 65f41001:ac7ed949:5c2dfedd:1902) scanning all rds of topic DDSPerfRPongKS
1604586705.569514 [17] dq.builtin:   reader 4c51001:1f4636bf:4950859c:907 init_acknack_count = 1
1604586705.569534 [17] dq.builtin:   reader_add_connection(pwr 65f41001:ac7ed949:5c2dfedd:1902 rd 4c51001:1f4636bf:4950859c:907)
1604586705.569629 [17] dq.builtin:   proxy_writer_add_connection(pwr 65f41001:ac7ed949:5c2dfedd:1902 rd 4c51001:1f4636bf:4950859c:907) - out-of-sync
1604586705.569701 [17] dq.builtin: SEDP ST0 65f41001:ac7ed949:5c2dfedd:507 reliable volatile reader: (default).DDSPerfCPUStats/CPUStats p(open) NEW (as udp/239.255.0.1:11651 udp/192.168.122.29:56320 ssm=0) QOS={user_data=0<>,topic_name="DDSPerfCPUStats",type_name="CPUStats",topic_data=0<>,group_data=0<>,durability=0,deadline=9223372036854775807,latency_budget=0,liveliness=0:9223372036854775807,reliability=1:100000000,destination_order=0,history=0:1,resource_limits=-1:-1:-1,ownership=0,presentation=0:0:0,partition={},time_based_filter=0,transport_priority=0,adlink_entity_factory=1,adlink_reader_lifespan=0:9223372036854775807,adlink_reader_data_lifecycle=9223372036854775807:9223372036854775807,adlink_subscription_keys=0:{}}
1604586705.569762 [17] dq.builtin: match_proxy_reader_with_writers(prd 65f41001:ac7ed949:5c2dfedd:507) scanning all wrs of topic DDSPerfCPUStats
1604586705.569790 [17] dq.builtin:   proxy_reader_add_connection(wr 4c51001:1f4636bf:4950859c:402 prd 65f41001:ac7ed949:5c2dfedd:507)
1604586705.569814 [17] dq.builtin:   writer_add_connection(wr 4c51001:1f4636bf:4950859c:402 prd 65f41001:ac7ed949:5c2dfedd:507) - ack seq 0
1604586705.569844 [17] dq.builtin: setcover: all_addrs udp/239.255.0.1:11651 udp/192.168.122.29:56320
1604586705.569895 [17] dq.builtin: reduced nlocs=2
1604586705.569926 [17] dq.builtin:   loc  0 = udp/192.168.122.29:56320        1 { 0 }
1604586705.569982 [17] dq.builtin:   loc  1 = udp/239.255.0.1:11651           1 { 0 }
1604586705.570012 [17] dq.builtin:   best = 0
1604586705.570034 [17] dq.builtin:   simple udp/192.168.122.29:56320
1604586705.570060 [17] dq.builtin: rebuild_writer_addrset(4c51001:1f4636bf:4950859c:402): udp/192.168.122.29:56320 (burst size 4294901760 rexmit 283990)
1604586705.570151 [17] dq.builtin: SEDP ST0 65f41001:ac7ed949:5c2dfedd:607 reliable volatile reader: (default).DDSPerfRPingKS/KeyedSeq p(open) NEW (as udp/239.255.0.1:11651 udp/192.168.122.29:56320 ssm=0) QOS={user_data=0<>,topic_name="DDSPerfRPingKS",type_name="KeyedSeq",topic_data=0<>,group_data=0<>,durability=0,deadline=9223372036854775807,latency_budget=0,liveliness=0:9223372036854775807,reliability=1:10000000000,destination_order=0,history=0:1,resource_limits=-1:-1:-1,ownership=0,presentation=0:0:0,partition={},time_based_filter=0,transport_priority=0,adlink_entity_factory=1,adlink_reader_lifespan=0:9223372036854775807,adlink_reader_data_lifecycle=9223372036854775807:9223372036854775807,adlink_subscription_keys=0:{}}
1604586705.570194 [17] dq.builtin: match_proxy_reader_with_writers(prd 65f41001:ac7ed949:5c2dfedd:607) scanning all wrs of topic DDSPerfRPingKS
1604586705.570221 [17] dq.builtin:   proxy_reader_add_connection(wr 4c51001:1f4636bf:4950859c:702 prd 65f41001:ac7ed949:5c2dfedd:607)
1604586705.570244 [17] dq.builtin:   writer_add_connection(wr 4c51001:1f4636bf:4950859c:702 prd 65f41001:ac7ed949:5c2dfedd:607) - ack seq 0
1604586705.570273 [17] dq.builtin: setcover: all_addrs udp/239.255.0.1:11651 udp/192.168.122.29:56320
1604586705.570295 [17] dq.builtin: reduced nlocs=2
1604586705.570322 [17] dq.builtin:   loc  0 = udp/192.168.122.29:56320        1 { 0 }
1604586705.570361 [17] dq.builtin:   loc  1 = udp/239.255.0.1:11651           1 { 0 }
1604586705.570379 [17] dq.builtin:   best = 0
1604586705.570400 [17] dq.builtin:   simple udp/192.168.122.29:56320
1604586705.570426 [17] dq.builtin: rebuild_writer_addrset(4c51001:1f4636bf:4950859c:702): udp/192.168.122.29:56320 (burst size 4294901760 rexmit 283990)
1604586705.570523 [17] dq.builtin: SEDP ST0 65f41001:ac7ed949:5c2dfedd:907 reliable volatile reader: 65f41001_ac7ed949_5c2dfedd_000001c1.DDSPerfRPongKS/KeyedSeq p(open) NEW (as udp/239.255.0.1:11651 udp/192.168.122.29:56320 ssm=0) QOS={user_data=0<>,topic_name="DDSPerfRPongKS",type_name="KeyedSeq",topic_data=0<>,group_data=0<>,durability=0,deadline=9223372036854775807,latency_budget=0,liveliness=0:9223372036854775807,reliability=1:10000000000,destination_order=0,history=1:1,resource_limits=10000:-1:-1,ownership=0,presentation=0:0:0,partition={"65f41001_ac7ed949_5c2dfedd_000001c1"},time_based_filter=0,transport_priority=0,adlink_entity_factory=1,adlink_reader_lifespan=0:9223372036854775807,adlink_reader_data_lifecycle=9223372036854775807:9223372036854775807,adlink_subscription_keys=0:{}}
1604586705.570564 [17] dq.builtin: match_proxy_reader_with_writers(prd 65f41001:ac7ed949:5c2dfedd:907) scanning all wrs of topic DDSPerfRPongKS
1604586705.570589 [17] dq.builtin:   proxy_reader_add_connection(wr 4c51001:1f4636bf:4950859c:a02 prd 65f41001:ac7ed949:5c2dfedd:907)
1604586705.570612 [17] dq.builtin:   writer_add_connection(wr 4c51001:1f4636bf:4950859c:a02 prd 65f41001:ac7ed949:5c2dfedd:907) - ack seq 0
1604586705.570640 [17] dq.builtin: setcover: all_addrs udp/239.255.0.1:11651 udp/192.168.122.29:56320
1604586705.570662 [17] dq.builtin: reduced nlocs=2
1604586705.570690 [17] dq.builtin:   loc  0 = udp/192.168.122.29:56320        1 { 0 }
1604586705.570713 [17] dq.builtin:   loc  1 = udp/239.255.0.1:11651           1 { 0 }
1604586705.570730 [17] dq.builtin:   best = 0
1604586705.570751 [17] dq.builtin:   simple udp/192.168.122.29:56320
1604586705.570777 [17] dq.builtin: rebuild_writer_addrset(4c51001:1f4636bf:4950859c:a02): udp/192.168.122.29:56320 (burst size 4294901760 rexmit 283990)
1604586735.760645 [17]    ddsperf: delete_reader_guid(guid 4c51001:1f4636bf:4950859c:307) ...
1604586735.761910 [17]         gc: gc_delete_reader(0xf02750, 4c51001:1f4636bf:4950859c:307)
1604586735.762041 [17]         gc: unref_participant(4c51001:1f4636bf:4950859c:1c1 @ 0xed8bb0 <- 4c51001:1f4636bf:4950859c:307 @ 0xee4634) user 10 builtin 8
1604586735.762184 [17]    ddsperf: delete_reader_guid(guid 4c51001:1f4636bf:4950859c:207) ...
1604586735.763388 [17]         gc: gc_delete_reader(0xf02980, 4c51001:1f4636bf:4950859c:207)
1604586735.763456 [17]         gc: unref_participant(4c51001:1f4636bf:4950859c:1c1 @ 0xed8bb0 <- 4c51001:1f4636bf:4950859c:207 @ 0xee2c34) user 9 builtin 8
1604586735.763612 [17]    ddsperf: delete_reader_guid(guid 4c51001:1f4636bf:4950859c:107) ...
1604586735.764682 [17]         gc: gc_delete_reader(0xf03010, 4c51001:1f4636bf:4950859c:107)
1604586735.764748 [17]         gc: unref_participant(4c51001:1f4636bf:4950859c:1c1 @ 0xed8bb0 <- 4c51001:1f4636bf:4950859c:107 @ 0xee1944) user 8 builtin 8
1604586735.764824 [17]    ddsperf: delete_reader_guid(guid 4c51001:1f4636bf:4950859c:607) ...
1604586735.766054 [17]         gc: gc_delete_reader(0xf03010, 4c51001:1f4636bf:4950859c:607)
1604586735.766101 [17]         gc: update_reader_init_acknack_count (4c51001:1f4636bf:4950859c:607, 2): reader no longer exists
1604586735.766216 [17]         gc: unref_participant(4c51001:1f4636bf:4950859c:1c1 @ 0xed8bb0 <- 4c51001:1f4636bf:4950859c:607 @ 0xee8cf4) user 7 builtin 8
1604586735.766284 [17]    ddsperf: delete_reader_guid(guid 4c51001:1f4636bf:4950859c:507) ...
1604586735.766364 [17]         gc: gc_delete_reader(0xf03010, 4c51001:1f4636bf:4950859c:507)
1604586735.766396 [17]         gc: update_reader_init_acknack_count (4c51001:1f4636bf:4950859c:507, 34): reader no longer exists
1604586735.766446 [17]         gc: unref_participant(4c51001:1f4636bf:4950859c:1c1 @ 0xed8bb0 <- 4c51001:1f4636bf:4950859c:507 @ 0xee7b74) user 6 builtin 8
1604586735.766544 [17]    ddsperf: unblock_throttled_writer(guid 4c51001:1f4636bf:4950859c:a02) ...
1604586735.766565 [17]    ddsperf: writer_set_state(4c51001:1f4636bf:4950859c:a02) state transition 0 -> 1
1604586735.766589 [17]    ddsperf: delete_writer(guid 4c51001:1f4636bf:4950859c:a02) ...
1604586735.766609 [17]    ddsperf: delete_writer(guid 4c51001:1f4636bf:4950859c:a02) - no unack'ed samples
1604586735.766629 [17]    ddsperf: delete_writer_nolinger(guid 4c51001:1f4636bf:4950859c:a02) ...
1604586735.766661 [17]    ddsperf: writer_set_state(4c51001:1f4636bf:4950859c:a02) state transition 1 -> 3
1604586735.766702 [17]         gc: gc_delete_writer(0xf05cb0, 4c51001:1f4636bf:4950859c:a02)
1604586735.766769 [17]         gc: unref_participant(4c51001:1f4636bf:4950859c:1c1 @ 0xed8bb0 <- 4c51001:1f4636bf:4950859c:a02 @ 0x7f28bc0050c4) user 5 builtin 8
1604586735.766819 [17]    ddsperf: delete_reader_guid(guid 4c51001:1f4636bf:4950859c:907) ...
1604586735.766874 [17]         gc: gc_delete_reader(0xf05a80, 4c51001:1f4636bf:4950859c:907)
1604586735.766899 [17]         gc: update_reader_init_acknack_count (4c51001:1f4636bf:4950859c:907, 326): reader no longer exists
1604586735.766986 [17]         gc: unref_participant(4c51001:1f4636bf:4950859c:1c1 @ 0xed8bb0 <- 4c51001:1f4636bf:4950859c:907 @ 0xeed7d4) user 4 builtin 8
1604586735.767050 [17]    ddsperf: unblock_throttled_writer(guid 4c51001:1f4636bf:4950859c:402) ...
1604586735.767071 [17]    ddsperf: writer_set_state(4c51001:1f4636bf:4950859c:402) state transition 0 -> 1
1604586735.767092 [17]    ddsperf: delete_writer(guid 4c51001:1f4636bf:4950859c:402) ...
1604586735.767111 [17]    ddsperf: delete_writer(guid 4c51001:1f4636bf:4950859c:402) - no unack'ed samples
1604586735.767130 [17]    ddsperf: delete_writer_nolinger(guid 4c51001:1f4636bf:4950859c:402) ...
1604586735.767160 [17]    ddsperf: writer_set_state(4c51001:1f4636bf:4950859c:402) state transition 1 -> 3
1604586735.768348 [17]         gc: gc_delete_writer(0xf05a80, 4c51001:1f4636bf:4950859c:402)
1604586735.768444 [17]         gc: unref_participant(4c51001:1f4636bf:4950859c:1c1 @ 0xed8bb0 <- 4c51001:1f4636bf:4950859c:402 @ 0xee69b4) user 3 builtin 8
1604586735.768493 [17]    ddsperf: unblock_throttled_writer(guid 4c51001:1f4636bf:4950859c:702) ...
1604586735.768534 [17]    ddsperf: writer_set_state(4c51001:1f4636bf:4950859c:702) state transition 0 -> 1
1604586735.768556 [17]    ddsperf: delete_writer(guid 4c51001:1f4636bf:4950859c:702) ...
1604586735.768577 [17]    ddsperf: writer_set_state(4c51001:1f4636bf:4950859c:702) state transition 1 -> 2
1604586735.768600 [17]    ddsperf: delete_writer(guid 4c51001:1f4636bf:4950859c:702) - unack'ed samples, will delete when ack'd or at t = 78210.486091
1604586735.811060 [17]     recvUC: remove_acked_messages: deleting lingering writer 4c51001:1f4636bf:4950859c:702
1604586735.811123 [17]     recvUC: delete_writer_nolinger(guid 4c51001:1f4636bf:4950859c:702) ...
1604586735.811172 [17]     recvUC: writer_set_state(4c51001:1f4636bf:4950859c:702) state transition 2 -> 3
1604586735.812390 [17]         gc: gc_delete_writer(0x7f28b402f570, 4c51001:1f4636bf:4950859c:702)
1604586735.812560 [17]         gc: unref_participant(4c51001:1f4636bf:4950859c:1c1 @ 0xed8bb0 <- 4c51001:1f4636bf:4950859c:702 @ 0xeea3a4) user 2 builtin 8
1604586735.812616 [17]    ddsperf: unblock_throttled_writer(guid 4c51001:1f4636bf:4950859c:802) ...
1604586735.812663 [17]    ddsperf: writer_set_state(4c51001:1f4636bf:4950859c:802) state transition 0 -> 1
1604586735.812686 [17]    ddsperf: delete_writer(guid 4c51001:1f4636bf:4950859c:802) ...
1604586735.812706 [17]    ddsperf: delete_writer(guid 4c51001:1f4636bf:4950859c:802) - no unack'ed samples
1604586735.812725 [17]    ddsperf: delete_writer_nolinger(guid 4c51001:1f4636bf:4950859c:802) ...
1604586735.812762 [17]    ddsperf: writer_set_state(4c51001:1f4636bf:4950859c:802) state transition 1 -> 3
1604586735.813733 [17]         gc: gc_delete_writer(0xee1dc0, 4c51001:1f4636bf:4950859c:802)
1604586735.813888 [17]         gc: unref_participant(4c51001:1f4636bf:4950859c:1c1 @ 0xed8bb0 <- 4c51001:1f4636bf:4950859c:802 @ 0xeebe54) user 1 builtin 8
1604586735.814097 [17]    ddsperf: delete_participant(4c51001:1f4636bf:4950859c:1c1)
1604586735.815097 [17]         gc: gc_delete_participant(0xee1dc0, 4c51001:1f4636bf:4950859c:1c1)
1604586735.815159 [17]         gc: unref_participant(4c51001:1f4636bf:4950859c:1c1 @ 0xed8bb0 <- 0:0:0:0 @ (nil)) user 0 builtin 8
1604586735.815251 [17]         gc: delete_writer_nolinger(guid 4c51001:1f4636bf:4950859c:100c2) ...
1604586735.815271 [17]         gc: delete_writer_nolinger(guid 4c51001:1f4636bf:4950859c:100c2) ...
1604586735.815297 [17]         gc: writer_set_state(4c51001:1f4636bf:4950859c:100c2) state transition 0 -> 3
1604586735.815319 [17]         gc: delete_writer_nolinger(guid 4c51001:1f4636bf:4950859c:2c2) - unknown guid
1604586735.815339 [17]         gc: delete_writer_nolinger(guid 4c51001:1f4636bf:4950859c:3c2) ...
1604586735.815358 [17]         gc: delete_writer_nolinger(guid 4c51001:1f4636bf:4950859c:3c2) ...
1604586735.815379 [17]         gc: writer_set_state(4c51001:1f4636bf:4950859c:3c2) state transition 0 -> 3
1604586735.815400 [17]         gc: delete_writer_nolinger(guid 4c51001:1f4636bf:4950859c:4c2) ...
1604586735.815419 [17]         gc: delete_writer_nolinger(guid 4c51001:1f4636bf:4950859c:4c2) ...
1604586735.815440 [17]         gc: writer_set_state(4c51001:1f4636bf:4950859c:4c2) state transition 0 -> 3
1604586735.815461 [17]         gc: delete_writer_nolinger(guid 4c51001:1f4636bf:4950859c:200c2) ...
1604586735.815480 [17]         gc: delete_writer_nolinger(guid 4c51001:1f4636bf:4950859c:200c2) ...
1604586735.815501 [17]         gc: writer_set_state(4c51001:1f4636bf:4950859c:200c2) state transition 0 -> 3
1604586735.815522 [17]         gc: delete_reader_guid(guid 4c51001:1f4636bf:4950859c:100c7) ...
1604586735.815546 [17]         gc: delete_reader_guid(guid 4c51001:1f4636bf:4950859c:2c7) - unknown guid
1604586735.815566 [17]         gc: delete_reader_guid(guid 4c51001:1f4636bf:4950859c:3c7) ...
1604586735.815589 [17]         gc: delete_reader_guid(guid 4c51001:1f4636bf:4950859c:4c7) ...
1604586735.815611 [17]         gc: delete_reader_guid(guid 4c51001:1f4636bf:4950859c:200c7) ...
1604586735.815634 [17]         gc: delete_writer_nolinger(guid 4c51001:1f4636bf:4950859c:ff0003c2) - unknown guid
1604586735.815654 [17]         gc: delete_reader_guid(guid 4c51001:1f4636bf:4950859c:ff0003c7) - unknown guid
1604586735.815674 [17]         gc: delete_writer_nolinger(guid 4c51001:1f4636bf:4950859c:ff0004c2) - unknown guid
1604586735.815693 [17]         gc: delete_reader_guid(guid 4c51001:1f4636bf:4950859c:ff0004c7) - unknown guid
1604586735.815712 [17]         gc: delete_writer_nolinger(guid 4c51001:1f4636bf:4950859c:ff0200c2) - unknown guid
1604586735.815732 [17]         gc: delete_reader_guid(guid 4c51001:1f4636bf:4950859c:ff0200c7) - unknown guid
1604586735.815751 [17]         gc: delete_writer_nolinger(guid 4c51001:1f4636bf:4950859c:201c3) - unknown guid
1604586735.815770 [17]         gc: delete_reader_guid(guid 4c51001:1f4636bf:4950859c:201c4) - unknown guid
1604586735.815789 [17]         gc: delete_writer_nolinger(guid 4c51001:1f4636bf:4950859c:ff0101c2) - unknown guid
1604586735.815808 [17]         gc: delete_reader_guid(guid 4c51001:1f4636bf:4950859c:ff0101c7) - unknown guid
1604586735.815827 [17]         gc: delete_writer_nolinger(guid 4c51001:1f4636bf:4950859c:ff0202c3) - unknown guid
1604586735.815846 [17]         gc: delete_reader_guid(guid 4c51001:1f4636bf:4950859c:ff0202c4) - unknown guid
1604586735.815866 [17]         gc: gc_delete_writer(0xf02de0, 4c51001:1f4636bf:4950859c:100c2)
1604586735.815896 [17]         gc: unref_participant(4c51001:1f4636bf:4950859c:1c1 @ 0xed8bb0 <- 4c51001:1f4636bf:4950859c:100c2 @ 0xedb684) user 0 builtin 7
1604586735.815918 [17]         gc: gc_delete_writer(0xf02bb0, 4c51001:1f4636bf:4950859c:3c2)
1604586735.815985 [17]         gc: unref_participant(4c51001:1f4636bf:4950859c:1c1 @ 0xed8bb0 <- 4c51001:1f4636bf:4950859c:3c2 @ 0xedc654) user 0 builtin 6
1604586735.816021 [17]         gc: gc_delete_writer(0xf02980, 4c51001:1f4636bf:4950859c:4c2)
1604586735.816066 [17]         gc: unref_participant(4c51001:1f4636bf:4950859c:1c1 @ 0xed8bb0 <- 4c51001:1f4636bf:4950859c:4c2 @ 0xedbe64) user 0 builtin 5
1604586735.816088 [17]         gc: gc_delete_writer(0xf02750, 4c51001:1f4636bf:4950859c:200c2)
1604586735.816133 [17]         gc: unref_participant(4c51001:1f4636bf:4950859c:1c1 @ 0xed8bb0 <- 4c51001:1f4636bf:4950859c:200c2 @ 0xedcea4) user 0 builtin 4
1604586735.816147 [17]    ddsperf: delete_proxy_participant_by_guid(65f41001:ac7ed949:5c2dfedd:1c1) - deleting
1604586735.816156 [17]         gc: gc_delete_reader(0x7f28bc00e790, 4c51001:1f4636bf:4950859c:100c7)
1604586735.816225 [17]    ddsperf: delete_ppt(65f41001:ac7ed949:5c2dfedd:1c1) - deleting dependent proxy participants
1604586735.816233 [17]         gc: unref_participant(4c51001:1f4636bf:4950859c:1c1 @ 0xed8bb0 <- 4c51001:1f4636bf:4950859c:100c7 @ 0xedd3f4) user 0 builtin 3
1604586735.816312 [17]         gc: gc_delete_reader(0x7f28bc0085f0, 4c51001:1f4636bf:4950859c:3c7)
1604586735.816267 [17]    ddsperf: delete_ppt(65f41001:ac7ed949:5c2dfedd:1c1) - deleting endpoints
1604586735.816348 [17]         gc: update_reader_init_acknack_count (4c51001:1f4636bf:4950859c:3c7, 3): reader no longer exists
1604586735.816399 [17]    ddsperf: delete_proxy_reader (65f41001:ac7ed949:5c2dfedd:907) - deleting
1604586735.816408 [17]         gc: unref_participant(4c51001:1f4636bf:4950859c:1c1 @ 0xed8bb0 <- 4c51001:1f4636bf:4950859c:3c7 @ 0xeddad4) user 0 builtin 2
1604586735.816450 [17]    ddsperf: delete_proxy_reader (65f41001:ac7ed949:5c2dfedd:607) - deleting
1604586735.816463 [17]         gc: gc_delete_reader(0x7f28bc006130, 4c51001:1f4636bf:4950859c:4c7)
1604586735.816488 [17]         gc: update_reader_init_acknack_count (4c51001:1f4636bf:4950859c:4c7, 3): reader no longer exists
1604586735.816498 [17]    ddsperf: delete_proxy_reader (65f41001:ac7ed949:5c2dfedd:507) - deleting
1604586735.816514 [17]         gc: unref_participant(4c51001:1f4636bf:4950859c:1c1 @ 0xed8bb0 <- 4c51001:1f4636bf:4950859c:4c7 @ 0xedd754) user 0 builtin 1
1604586735.816525 [17]    ddsperf: delete_proxy_writer (65f41001:ac7ed949:5c2dfedd:1902) - deleting
1604586735.816538 [17]         gc: gc_delete_reader(0x7f28b8001110, 4c51001:1f4636bf:4950859c:200c7)
1604586735.816562 [17]         gc: update_reader_init_acknack_count (4c51001:1f4636bf:4950859c:200c7, 22): reader no longer exists
1604586735.816564 [17]    ddsperf: delete_proxy_writer (65f41001:ac7ed949:5c2dfedd:1802) - deleting
1604586735.816601 [17]         gc: unref_participant(4c51001:1f4636bf:4950859c:1c1 @ 0xed8bb0 <- 4c51001:1f4636bf:4950859c:200c7 @ 0xedde54) user 0 builtin 0
1604586735.816645 [17]    ddsperf: delete_proxy_writer (65f41001:ac7ed949:5c2dfedd:1702) - deleting
1604586735.816662 [17]         gc: remove_deleted_participant_guid(4c51001:1f4636bf:4950859c:1c1 for_what=1)
1604586735.816680 [17]    ddsperf: delete_proxy_writer (65f41001:ac7ed949:5c2dfedd:1602) - deleting
1604586735.816714 [17]    ddsperf: delete_proxy_writer (65f41001:ac7ed949:5c2dfedd:1502) - deleting
1604586735.816746 [17]    ddsperf: delete_proxy_writer (65f41001:ac7ed949:5c2dfedd:1402) - deleting
1604586735.816780 [17]    ddsperf: delete_proxy_writer (65f41001:ac7ed949:5c2dfedd:1302) - deleting
1604586735.816812 [17]    ddsperf: delete_proxy_writer (65f41001:ac7ed949:5c2dfedd:1202) - deleting
1604586735.816844 [17]    ddsperf: delete_proxy_writer (65f41001:ac7ed949:5c2dfedd:1102) - deleting
1604586735.816877 [17]    ddsperf: delete_proxy_writer (65f41001:ac7ed949:5c2dfedd:1002) - deleting
1604586735.816909 [17]    ddsperf: delete_proxy_writer (65f41001:ac7ed949:5c2dfedd:f02) - deleting
1604586735.816982 [17]    ddsperf: delete_proxy_writer (65f41001:ac7ed949:5c2dfedd:e02) - deleting
1604586735.817034 [17]    ddsperf: delete_proxy_writer (65f41001:ac7ed949:5c2dfedd:d02) - deleting
1604586735.817067 [17]    ddsperf: delete_proxy_writer (65f41001:ac7ed949:5c2dfedd:c02) - deleting
1604586735.817099 [17]    ddsperf: delete_proxy_writer (65f41001:ac7ed949:5c2dfedd:b02) - deleting
1604586735.817147 [17]    ddsperf: delete_proxy_writer (65f41001:ac7ed949:5c2dfedd:a02) - deleting
1604586735.817180 [17]    ddsperf: delete_proxy_writer (65f41001:ac7ed949:5c2dfedd:802) - deleting
1604586735.817212 [17]    ddsperf: delete_proxy_writer (65f41001:ac7ed949:5c2dfedd:702) - deleting
1604586735.817243 [17]    ddsperf: delete_proxy_writer (65f41001:ac7ed949:5c2dfedd:402) - deleting
1604586735.817277 [17]    ddsperf: delete_proxy_reader (65f41001:ac7ed949:5c2dfedd:200c7) - deleting
1604586735.817300 [17]    ddsperf: delete_proxy_writer (65f41001:ac7ed949:5c2dfedd:200c2) - deleting
1604586735.817324 [17]    ddsperf: delete_proxy_reader (65f41001:ac7ed949:5c2dfedd:4c7) - deleting
1604586735.817347 [17]    ddsperf: delete_proxy_writer (65f41001:ac7ed949:5c2dfedd:4c2) - deleting
1604586735.817372 [17]    ddsperf: delete_proxy_reader (65f41001:ac7ed949:5c2dfedd:3c7) - deleting
1604586735.817394 [17]    ddsperf: delete_proxy_writer (65f41001:ac7ed949:5c2dfedd:3c2) - deleting
1604586735.817418 [17]    ddsperf: delete_proxy_reader (65f41001:ac7ed949:5c2dfedd:100c7) - deleting
1604586735.817778 [17]         gc: gc_delete_proxy_reader(0xedec70, 65f41001:ac7ed949:5c2dfedd:907)
1604586735.817806 [17]         gc: unref_proxy_participant(65f41001:ac7ed949:5c2dfedd:1c1): refc=29
1604586735.817835 [17]         gc: gc_delete_proxy_reader(0xedff80, 65f41001:ac7ed949:5c2dfedd:607)
1604586735.817857 [17]         gc: unref_proxy_participant(65f41001:ac7ed949:5c2dfedd:1c1): refc=28
1604586735.817883 [17]         gc: gc_delete_proxy_reader(0xedc8e0, 65f41001:ac7ed949:5c2dfedd:507)
1604586735.817904 [17]         gc: unref_proxy_participant(65f41001:ac7ed949:5c2dfedd:1c1): refc=27
1604586735.817930 [17]         gc: gc_delete_proxy_writer_dqueue(0xee09c0, 65f41001:ac7ed949:5c2dfedd:1902)
1604586735.818012 [17]         gc: gc_delete_proxy_writer_dqueue(0xee1dc0, 65f41001:ac7ed949:5c2dfedd:1802)
1604586735.818037 [17]         gc: gc_delete_proxy_writer_dqueue(0xf042f0, 65f41001:ac7ed949:5c2dfedd:1702)
1604586735.818055 [17]    dq.user: gc_delete_proxy_writer_dqueue_bubble(0xee09c0, 65f41001:ac7ed949:5c2dfedd:1902)
1604586735.818059 [17]         gc: gc_delete_proxy_writer_dqueue(0xee80c0, 65f41001:ac7ed949:5c2dfedd:1602)
1604586735.818104 [17]    dq.user: gc_delete_proxy_writer_dqueue_bubble(0xee1dc0, 65f41001:ac7ed949:5c2dfedd:1802)
1604586735.818146 [17]         gc: gc_delete_proxy_writer_dqueue(0xee9240, 65f41001:ac7ed949:5c2dfedd:1502)
1604586735.818157 [17]    dq.user: gc_delete_proxy_writer_dqueue_bubble(0xf042f0, 65f41001:ac7ed949:5c2dfedd:1702)
1604586735.818169 [17]         gc: gc_delete_proxy_writer_dqueue(0xedbb50, 65f41001:ac7ed949:5c2dfedd:1402)
1604586735.818180 [17]    dq.user: gc_delete_proxy_writer_dqueue_bubble(0xee80c0, 65f41001:ac7ed949:5c2dfedd:1602)
1604586735.818191 [17]         gc: gc_delete_proxy_writer_dqueue(0xeede10, 65f41001:ac7ed949:5c2dfedd:1302)
1604586735.818201 [17]    dq.user: gc_delete_proxy_writer_dqueue_bubble(0xee9240, 65f41001:ac7ed949:5c2dfedd:1502)
1604586735.818213 [17]         gc: gc_delete_proxy_writer_dqueue(0xeeaa20, 65f41001:ac7ed949:5c2dfedd:1202)
1604586735.818223 [17]    dq.user: gc_delete_proxy_writer_dqueue_bubble(0xedbb50, 65f41001:ac7ed949:5c2dfedd:1402)
1604586735.818235 [17]         gc: gc_delete_proxy_writer_dqueue(0xeea630, 65f41001:ac7ed949:5c2dfedd:1102)
1604586735.818244 [17]    dq.user: gc_delete_proxy_writer_dqueue_bubble(0xeede10, 65f41001:ac7ed949:5c2dfedd:1302)
1604586735.818260 [17]         gc: gc_delete_proxy_writer_dqueue(0xeece10, 65f41001:ac7ed949:5c2dfedd:1002)
1604586735.818271 [17]    dq.user: gc_delete_proxy_writer_dqueue_bubble(0xeeaa20, 65f41001:ac7ed949:5c2dfedd:1202)
1604586735.818282 [17]         gc: gc_delete_proxy_writer_dqueue(0xedcd50, 65f41001:ac7ed949:5c2dfedd:f02)
1604586735.818293 [17]    dq.user: gc_delete_proxy_writer_dqueue_bubble(0xeea630, 65f41001:ac7ed949:5c2dfedd:1102)
1604586735.818304 [17]         gc: gc_delete_proxy_writer_dqueue(0xee6c40, 65f41001:ac7ed949:5c2dfedd:e02)
1604586735.818315 [17]    dq.user: gc_delete_proxy_writer_dqueue_bubble(0xeece10, 65f41001:ac7ed949:5c2dfedd:1002)
1604586735.818349 [17]         gc: gc_delete_proxy_writer_dqueue(0xee6e70, 65f41001:ac7ed949:5c2dfedd:d02)
1604586735.818383 [17]    dq.user: gc_delete_proxy_writer_dqueue_bubble(0xedcd50, 65f41001:ac7ed949:5c2dfedd:f02)
1604586735.818417 [17]         gc: gc_delete_proxy_writer_dqueue(0xf07be0, 65f41001:ac7ed949:5c2dfedd:c02)
1604586735.818450 [17]    dq.user: gc_delete_proxy_writer_dqueue_bubble(0xee6c40, 65f41001:ac7ed949:5c2dfedd:e02)
1604586735.818484 [17]         gc: gc_delete_proxy_writer_dqueue(0xf07e10, 65f41001:ac7ed949:5c2dfedd:b02)
1604586735.818516 [17]    dq.user: gc_delete_proxy_writer_dqueue_bubble(0xee6e70, 65f41001:ac7ed949:5c2dfedd:d02)
1604586735.818550 [17]         gc: gc_delete_proxy_writer_dqueue(0xeec0e0, 65f41001:ac7ed949:5c2dfedd:a02)
1604586735.818582 [17]    dq.user: gc_delete_proxy_writer_dqueue_bubble(0xf07be0, 65f41001:ac7ed949:5c2dfedd:c02)
1604586735.818617 [17]         gc: gc_delete_proxy_writer_dqueue(0xeec310, 65f41001:ac7ed949:5c2dfedd:802)
1604586735.818648 [17]    dq.user: gc_delete_proxy_writer_dqueue_bubble(0xf07e10, 65f41001:ac7ed949:5c2dfedd:b02)
1604586735.818683 [17]         gc: gc_delete_proxy_writer_dqueue(0xeec540, 65f41001:ac7ed949:5c2dfedd:702)
1604586735.818715 [17]    dq.user: gc_delete_proxy_writer_dqueue_bubble(0xeec0e0, 65f41001:ac7ed949:5c2dfedd:a02)
1604586735.818749 [17]         gc: gc_delete_proxy_writer_dqueue(0xf05a80, 65f41001:ac7ed949:5c2dfedd:402)
1604586735.818781 [17]    dq.user: gc_delete_proxy_writer_dqueue_bubble(0xeec310, 65f41001:ac7ed949:5c2dfedd:802)
1604586735.818816 [17]         gc: gc_delete_proxy_reader(0xf05cb0, 65f41001:ac7ed949:5c2dfedd:200c7)
1604586735.818848 [17]    dq.user: gc_delete_proxy_writer_dqueue_bubble(0xeec540, 65f41001:ac7ed949:5c2dfedd:702)
1604586735.818881 [17]         gc: unref_proxy_participant(65f41001:ac7ed949:5c2dfedd:1c1): refc=26
1604586735.818914 [17]    dq.user: gc_delete_proxy_writer_dqueue_bubble(0xf05a80, 65f41001:ac7ed949:5c2dfedd:402)
1604586735.819027 [17]         gc: gc_delete_proxy_writer_dqueue(0xf05ee0, 65f41001:ac7ed949:5c2dfedd:200c2)
1604586735.819065 [17]         gc: gc_delete_proxy_reader(0xf06110, 65f41001:ac7ed949:5c2dfedd:4c7)
1604586735.819087 [17]         gc: unref_proxy_participant(65f41001:ac7ed949:5c2dfedd:1c1): refc=25
1604586735.819087 [17] dq.builtin: gc_delete_proxy_writer_dqueue_bubble(0xf05ee0, 65f41001:ac7ed949:5c2dfedd:200c2)
1604586735.819118 [17]         gc: gc_delete_proxy_writer_dqueue(0xf03010, 65f41001:ac7ed949:5c2dfedd:4c2)
1604586735.819145 [17]         gc: gc_delete_proxy_reader(0xf03240, 65f41001:ac7ed949:5c2dfedd:3c7)
1604586735.819171 [17]         gc: unref_proxy_participant(65f41001:ac7ed949:5c2dfedd:1c1): refc=24
1604586735.819199 [17]         gc: gc_delete_proxy_writer_dqueue(0xf03470, 65f41001:ac7ed949:5c2dfedd:3c2)
1604586735.819225 [17]         gc: gc_delete_proxy_reader(0xf036a0, 65f41001:ac7ed949:5c2dfedd:100c7)
1604586735.819252 [17]         gc: unref_proxy_participant(65f41001:ac7ed949:5c2dfedd:1c1): refc=23
1604586735.819281 [17]         gc: gc_delete_proxy_participant(0xf038d0, 65f41001:ac7ed949:5c2dfedd:1c1)
1604586735.819307 [17]         gc: unref_proxy_participant(65f41001:ac7ed949:5c2dfedd:1c1): refc=22
1604586735.819356 [17] dq.builtin: gc_delete_proxy_writer_dqueue_bubble(0xf03010, 65f41001:ac7ed949:5c2dfedd:4c2)
1604586735.819378 [17] dq.builtin: gc_delete_proxy_writer_dqueue_bubble(0xf03470, 65f41001:ac7ed949:5c2dfedd:3c2)
1604586735.819392 [17]         gc: gc_delete_proxy_writer(0xee09c0, 65f41001:ac7ed949:5c2dfedd:1902)
1604586735.819420 [17]         gc: unref_proxy_participant(65f41001:ac7ed949:5c2dfedd:1c1): refc=21
1604586735.819466 [17]         gc: gc_delete_proxy_writer(0xee1dc0, 65f41001:ac7ed949:5c2dfedd:1802)
1604586735.819487 [17]         gc: unref_proxy_participant(65f41001:ac7ed949:5c2dfedd:1c1): refc=20
1604586735.819513 [17]         gc: gc_delete_proxy_writer(0xf042f0, 65f41001:ac7ed949:5c2dfedd:1702)
1604586735.819534 [17]         gc: unref_proxy_participant(65f41001:ac7ed949:5c2dfedd:1c1): refc=19
1604586735.819571 [17]         gc: gc_delete_proxy_writer(0xee80c0, 65f41001:ac7ed949:5c2dfedd:1602)
1604586735.819593 [17]         gc: unref_proxy_participant(65f41001:ac7ed949:5c2dfedd:1c1): refc=18
1604586735.819618 [17]         gc: gc_delete_proxy_writer(0xee9240, 65f41001:ac7ed949:5c2dfedd:1502)
1604586735.819639 [17]         gc: unref_proxy_participant(65f41001:ac7ed949:5c2dfedd:1c1): refc=17
1604586735.819665 [17]         gc: gc_delete_proxy_writer(0xedbb50, 65f41001:ac7ed949:5c2dfedd:1402)
1604586735.819686 [17]         gc: unref_proxy_participant(65f41001:ac7ed949:5c2dfedd:1c1): refc=16
1604586735.819712 [17]         gc: gc_delete_proxy_writer(0xeede10, 65f41001:ac7ed949:5c2dfedd:1302)
1604586735.819733 [17]         gc: unref_proxy_participant(65f41001:ac7ed949:5c2dfedd:1c1): refc=15
1604586735.819759 [17]         gc: gc_delete_proxy_writer(0xeeaa20, 65f41001:ac7ed949:5c2dfedd:1202)
1604586735.819780 [17]         gc: unref_proxy_participant(65f41001:ac7ed949:5c2dfedd:1c1): refc=14
1604586735.819805 [17]         gc: gc_delete_proxy_writer(0xeea630, 65f41001:ac7ed949:5c2dfedd:1102)
1604586735.819826 [17]         gc: unref_proxy_participant(65f41001:ac7ed949:5c2dfedd:1c1): refc=13
1604586735.819852 [17]         gc: gc_delete_proxy_writer(0xeece10, 65f41001:ac7ed949:5c2dfedd:1002)
1604586735.819873 [17]         gc: unref_proxy_participant(65f41001:ac7ed949:5c2dfedd:1c1): refc=12
1604586735.819898 [17]         gc: gc_delete_proxy_writer(0xedcd50, 65f41001:ac7ed949:5c2dfedd:f02)
1604586735.819919 [17]         gc: unref_proxy_participant(65f41001:ac7ed949:5c2dfedd:1c1): refc=11
1604586735.819970 [17]         gc: gc_delete_proxy_writer(0xee6c40, 65f41001:ac7ed949:5c2dfedd:e02)
1604586735.820008 [17]         gc: unref_proxy_participant(65f41001:ac7ed949:5c2dfedd:1c1): refc=10
1604586735.820033 [17]         gc: gc_delete_proxy_writer(0xee6e70, 65f41001:ac7ed949:5c2dfedd:d02)
1604586735.820055 [17]         gc: unref_proxy_participant(65f41001:ac7ed949:5c2dfedd:1c1): refc=9
1604586735.820081 [17]         gc: gc_delete_proxy_writer(0xf07be0, 65f41001:ac7ed949:5c2dfedd:c02)
1604586735.820102 [17]         gc: unref_proxy_participant(65f41001:ac7ed949:5c2dfedd:1c1): refc=8
1604586735.820128 [17]         gc: gc_delete_proxy_writer(0xf07e10, 65f41001:ac7ed949:5c2dfedd:b02)
1604586735.820149 [17]         gc: unref_proxy_participant(65f41001:ac7ed949:5c2dfedd:1c1): refc=7
1604586735.820175 [17]         gc: gc_delete_proxy_writer(0xeec0e0, 65f41001:ac7ed949:5c2dfedd:a02)
1604586735.820196 [17]         gc: unref_proxy_participant(65f41001:ac7ed949:5c2dfedd:1c1): refc=6
1604586735.820221 [17]         gc: gc_delete_proxy_writer(0xeec310, 65f41001:ac7ed949:5c2dfedd:802)
1604586735.820242 [17]         gc: unref_proxy_participant(65f41001:ac7ed949:5c2dfedd:1c1): refc=5
1604586735.820267 [17]         gc: gc_delete_proxy_writer(0xeec540, 65f41001:ac7ed949:5c2dfedd:702)
1604586735.820288 [17]         gc: unref_proxy_participant(65f41001:ac7ed949:5c2dfedd:1c1): refc=4
1604586735.820314 [17]         gc: gc_delete_proxy_writer(0xf05a80, 65f41001:ac7ed949:5c2dfedd:402)
1604586735.820335 [17]         gc: unref_proxy_participant(65f41001:ac7ed949:5c2dfedd:1c1): refc=3
1604586735.820361 [17]         gc: gc_delete_proxy_writer(0xf05ee0, 65f41001:ac7ed949:5c2dfedd:200c2)
1604586735.820382 [17]         gc: unref_proxy_participant(65f41001:ac7ed949:5c2dfedd:1c1): refc=2
1604586735.820405 [17]         gc: gc_delete_proxy_writer(0xf03010, 65f41001:ac7ed949:5c2dfedd:4c2)
1604586735.820426 [17]         gc: unref_proxy_participant(65f41001:ac7ed949:5c2dfedd:1c1): refc=1
1604586735.820448 [17]         gc: gc_delete_proxy_writer(0xf03470, 65f41001:ac7ed949:5c2dfedd:3c2)
1604586735.820470 [17]         gc: unref_proxy_participant(65f41001:ac7ed949:5c2dfedd:1c1): refc=0, freeing
1604586735.820503 [17]         gc: remove_deleted_participant_guid(65f41001:ac7ed949:5c2dfedd:1c1 for_what=3)
1604586735.820597 [17]    ddsperf: delete_writer_nolinger(guid 0:0:0:100c2) ...
1604586735.820623 [17]    ddsperf: writer_set_state(0:0:0:100c2) state transition 0 -> 3
1604586735.820677 [17]    ddsperf: delete_writer_nolinger(guid 0:0:0:3c2) ...
1604586735.820699 [17]    ddsperf: writer_set_state(0:0:0:3c2) state transition 0 -> 3
1604586735.820721 [17]    ddsperf: delete_writer_nolinger(guid 0:0:0:4c2) ...
1604586735.820742 [17]    ddsperf: writer_set_state(0:0:0:4c2) state transition 0 -> 3
1604586735.821825 [17]         gc: gc_delete_writer(0xee09c0, 0:0:0:100c2)
1604586735.821882 [17]         gc: gc_delete_writer(0xf042f0, 0:0:0:3c2)
1604586735.821921 [17]         gc: gc_delete_writer(0xee80c0, 0:0:0:4c2)
1604586735.823185 [17]    ddsperf: udp finalized
1604586735.824375 [17]    ddsperf: Finis.
