Connecting to host 192.168.122.1, port 5201
[  6] local 192.168.122.239 port 44571 connected to 192.168.122.1 port 5201
[ ID] Interval           Transfer     Bitrate         Total Datagrams
[  6]   0.00-1.00   sec   129 KBytes  1.05 Mbits/sec  91  
[  6]   1.00-2.00   sec   127 KBytes  1.04 Mbits/sec  90  
[  6]   2.00-3.00   sec   129 KBytes  1.05 Mbits/sec  91  
[  6]   3.00-4.00   sec   127 KBytes  1.04 Mbits/sec  90  
[  6]   4.00-5.00   sec   129 KBytes  1.05 Mbits/sec  91  
[  6]   5.00-6.00   sec   129 KBytes  1.05 Mbits/sec  91  
[  6]   6.00-7.00   sec   127 KBytes  1.04 Mbits/sec  90  
[  6]   7.00-8.00   sec   129 KBytes  1.05 Mbits/sec  91  
[  6]   8.00-9.00   sec   127 KBytes  1.04 Mbits/sec  90  
[  6]   9.00-10.00  sec   129 KBytes  1.05 Mbits/sec  91  
- - - - - - - - - - - - - - - - - - - - - - - - -
[ ID] Interval           Transfer     Bitrate         Jitter    Lost/Total Datagrams
[  6]   0.00-10.00  sec  1.25 MBytes  1.05 Mbits/sec  0.000 ms  0/906 (0%)  sender
[  6]   0.00-10.00  sec  1.25 MBytes  1.05 Mbits/sec  0.011 ms  0/906 (0%)  receiver

iperf Done.

in host:
-----------------------------------------------------------
Server listening on 5201
-----------------------------------------------------------
Accepted connection from 192.168.122.239, port 46152
[  5] local 192.168.122.1 port 5201 connected to 192.168.122.239 port 44571
[ ID] Interval           Transfer     Bitrate         Jitter    Lost/Total Datagrams
[  5]   0.00-1.00   sec   129 KBytes  1.05 Mbits/sec  0.012 ms  0/91 (0%)
[  5]   1.00-2.00   sec   127 KBytes  1.04 Mbits/sec  0.041 ms  0/90 (0%)
[  5]   2.00-3.00   sec   129 KBytes  1.05 Mbits/sec  0.020 ms  0/91 (0%)
[  5]   3.00-4.00   sec   127 KBytes  1.04 Mbits/sec  0.011 ms  0/90 (0%)
[  5]   4.00-5.00   sec   129 KBytes  1.05 Mbits/sec  0.015 ms  0/91 (0%)
[  5]   5.00-6.00   sec   127 KBytes  1.04 Mbits/sec  0.014 ms  0/90 (0%)
[  5]   6.00-7.00   sec   129 KBytes  1.05 Mbits/sec  0.012 ms  0/91 (0%)
[  5]   7.00-8.00   sec   127 KBytes  1.04 Mbits/sec  0.013 ms  0/90 (0%)
[  5]   8.00-9.00   sec   129 KBytes  1.05 Mbits/sec  0.014 ms  0/91 (0%)
[  5]   9.00-10.00  sec   129 KBytes  1.05 Mbits/sec  0.011 ms  0/91 (0%)
- - - - - - - - - - - - - - - - - - - - - - - - -
[ ID] Interval           Transfer     Bitrate         Jitter    Lost/Total Datagrams
[  5]   0.00-10.00  sec  1.25 MBytes  1.05 Mbits/sec  0.011 ms  0/906 (0%)  receiver

